[debug] [2026-02-27T10:57:31.066Z] ----------------------------------------------------------------------
[debug] [2026-02-27T10:57:31.069Z] Command:       /opt/homebrew/Cellar/node/24.2.0/bin/node /opt/homebrew/bin/firebase deploy --only functions --project vikna-service-prod
[debug] [2026-02-27T10:57:31.069Z] CLI Version:   15.6.0
[debug] [2026-02-27T10:57:31.069Z] Platform:      darwin
[debug] [2026-02-27T10:57:31.069Z] Node Version:  v24.2.0
[debug] [2026-02-27T10:57:31.069Z] Time:          Fri Feb 27 2026 12:57:31 GMT+0200 (Eastern European Standard Time)
[debug] [2026-02-27T10:57:31.069Z] ----------------------------------------------------------------------
[debug] 
[debug] [2026-02-27T10:57:32.132Z] > command requires scopes: ["email","openid","https://www.googleapis.com/auth/cloudplatformprojects.readonly","https://www.googleapis.com/auth/firebase","https://www.googleapis.com/auth/cloud-platform"]
[debug] [2026-02-27T10:57:32.133Z] > authorizing via signed-in user (serjmitaki@gmail.com)
[debug] [2026-02-27T10:57:32.133Z] [iam] checking project vikna-service-prod for permissions ["cloudfunctions.functions.create","cloudfunctions.functions.delete","cloudfunctions.functions.get","cloudfunctions.functions.list","cloudfunctions.functions.update","cloudfunctions.operations.get","firebase.projects.get"]
[debug] [2026-02-27T10:57:32.133Z] Checked if tokens are valid: true, expires at: 1772191564831
[debug] [2026-02-27T10:57:32.134Z] Checked if tokens are valid: true, expires at: 1772191564831
[debug] [2026-02-27T10:57:32.134Z] >>> [apiv2][query] POST https://cloudresourcemanager.googleapis.com/v1/projects/vikna-service-prod:testIamPermissions [none]
[debug] [2026-02-27T10:57:32.134Z] >>> [apiv2][(partial)header] POST https://cloudresourcemanager.googleapis.com/v1/projects/vikna-service-prod:testIamPermissions  x-goog-user-project=vikna-service-prod
[debug] [2026-02-27T10:57:32.134Z] >>> [apiv2][body] POST https://cloudresourcemanager.googleapis.com/v1/projects/vikna-service-prod:testIamPermissions {"permissions":["cloudfunctions.functions.create","cloudfunctions.functions.delete","cloudfunctions.functions.get","cloudfunctions.functions.list","cloudfunctions.functions.update","cloudfunctions.operations.get","firebase.projects.get"]}
[debug] [2026-02-27T10:57:33.025Z] <<< [apiv2][status] POST https://cloudresourcemanager.googleapis.com/v1/projects/vikna-service-prod:testIamPermissions 200
[debug] [2026-02-27T10:57:33.025Z] <<< [apiv2][body] POST https://cloudresourcemanager.googleapis.com/v1/projects/vikna-service-prod:testIamPermissions {"permissions":["cloudfunctions.functions.create","cloudfunctions.functions.delete","cloudfunctions.functions.get","cloudfunctions.functions.list","cloudfunctions.functions.update","cloudfunctions.operations.get","firebase.projects.get"]}
[debug] [2026-02-27T10:57:33.025Z] Checked if tokens are valid: true, expires at: 1772191564831
[debug] [2026-02-27T10:57:33.025Z] Checked if tokens are valid: true, expires at: 1772191564831
[debug] [2026-02-27T10:57:33.025Z] >>> [apiv2][query] POST https://iam.googleapis.com/v1/projects/vikna-service-prod/serviceAccounts/vikna-service-prod@appspot.gserviceaccount.com:testIamPermissions [none]
[debug] [2026-02-27T10:57:33.025Z] >>> [apiv2][body] POST https://iam.googleapis.com/v1/projects/vikna-service-prod/serviceAccounts/vikna-service-prod@appspot.gserviceaccount.com:testIamPermissions {"permissions":["iam.serviceAccounts.actAs"]}
[debug] [2026-02-27T10:57:33.901Z] <<< [apiv2][status] POST https://iam.googleapis.com/v1/projects/vikna-service-prod/serviceAccounts/vikna-service-prod@appspot.gserviceaccount.com:testIamPermissions 200
[debug] [2026-02-27T10:57:33.901Z] <<< [apiv2][body] POST https://iam.googleapis.com/v1/projects/vikna-service-prod/serviceAccounts/vikna-service-prod@appspot.gserviceaccount.com:testIamPermissions {"permissions":["iam.serviceAccounts.actAs"]}
[info] 
[info] === Deploying to 'vikna-service-prod'...
[info] 
[info] i  deploying functions 
[info] Running command: npm --prefix "$RESOURCE_DIR" run lint
[info] Running command: npm --prefix "$RESOURCE_DIR" run build
[info] ✔  functions: Finished running predeploy script. 
[debug] [2026-02-27T10:57:42.076Z] Checked if tokens are valid: true, expires at: 1772191564831
[debug] [2026-02-27T10:57:42.076Z] Checked if tokens are valid: true, expires at: 1772191564831
[debug] [2026-02-27T10:57:42.076Z] >>> [apiv2][query] GET https://cloudresourcemanager.googleapis.com/v1/projects/vikna-service-prod [none]
[debug] [2026-02-27T10:57:42.915Z] <<< [apiv2][status] GET https://cloudresourcemanager.googleapis.com/v1/projects/vikna-service-prod 200
[debug] [2026-02-27T10:57:42.915Z] <<< [apiv2][body] GET https://cloudresourcemanager.googleapis.com/v1/projects/vikna-service-prod {"projectNumber":"933338618880","projectId":"vikna-service-prod","lifecycleState":"ACTIVE","name":"Vikna Service Prod","labels":{"firebase":"enabled","firebase-core":"disabled"},"createTime":"2026-02-25T17:51:08.811475Z"}
[info] i  functions: preparing codebase default for deployment 
[info] i  functions: ensuring required API cloudfunctions.googleapis.com is enabled... 
[info] i  functions: ensuring required API cloudbuild.googleapis.com is enabled... 
[info] i  artifactregistry: ensuring required API artifactregistry.googleapis.com is enabled... 
[debug] [2026-02-27T10:57:42.917Z] Checked if tokens are valid: true, expires at: 1772191564831
[debug] [2026-02-27T10:57:42.918Z] Checked if tokens are valid: true, expires at: 1772191564831
[debug] [2026-02-27T10:57:42.918Z] >>> [apiv2][query] GET https://firebase.googleapis.com/v1beta1/projects/vikna-service-prod/adminSdkConfig [none]
[debug] [2026-02-27T10:57:43.324Z] <<< [apiv2][status] GET https://firebase.googleapis.com/v1beta1/projects/vikna-service-prod/adminSdkConfig 200
[debug] [2026-02-27T10:57:43.325Z] <<< [apiv2][body] GET https://firebase.googleapis.com/v1beta1/projects/vikna-service-prod/adminSdkConfig {"projectId":"vikna-service-prod","storageBucket":"vikna-service-prod.firebasestorage.app"}
[debug] [2026-02-27T10:57:43.326Z] Validating nodejs source
[warn] ⚠  functions: Runtime Node.js 20 will be deprecated on 2026-04-30 and will be decommissioned on 2026-10-30, after which you will not be able to deploy without upgrading. Consider upgrading now to avoid disruption. See https://cloud.google.com/functions/docs/runtime-support for full details on the lifecycle policy 
[warn] ⚠  functions: package.json indicates an outdated version of firebase-functions. Please upgrade using npm install --save firebase-functions@latest in your functions directory. 
[debug] [2026-02-27T10:57:44.199Z] > [functions] package.json contents: {
  "name": "functions",
  "scripts": {
    "lint": "ESLINT_USE_FLAT_CONFIG=false eslint .",
    "build": "tsc",
    "build:watch": "tsc --watch",
    "serve": "npm run build && firebase emulators:start --only functions",
    "shell": "npm run build && firebase functions:shell",
    "start": "npm run shell",
    "deploy": "firebase deploy --only functions",
    "logs": "firebase functions:log"
  },
  "engines": {
    "node": "20"
  },
  "main": "lib/index.js",
  "dependencies": {
    "firebase-admin": "^13.6.0",
    "firebase-functions": "^7.0.0"
  },
  "devDependencies": {
    "@typescript-eslint/eslint-plugin": "^5.12.0",
    "@typescript-eslint/parser": "^5.12.0",
    "eslint": "^8.9.0",
    "eslint-config-google": "^0.14.0",
    "eslint-plugin-import": "^2.25.4",
    "firebase-functions-test": "^3.4.1",
    "typescript": "^5.7.3"
  },
  "private": true
}
[debug] [2026-02-27T10:57:44.199Z] Building nodejs source
[info] i  functions: Loading and analyzing source code for codebase default to determine what to deploy 
[debug] [2026-02-27T10:57:44.200Z] Could not find functions.yaml. Must use http discovery
[debug] [2026-02-27T10:57:44.208Z] Found firebase-functions binary at '/Users/serhiimytakii/Projects/vikna-service/functions/node_modules/.bin/firebase-functions'
[info] Serving at port 8921

[debug] [2026-02-27T10:57:44.630Z] Got response from /__/functions.yaml {"endpoints":{"createCheckoutPayload":{"availableMemoryMb":null,"timeoutSeconds":null,"minInstances":null,"maxInstances":10,"ingressSettings":null,"concurrency":null,"serviceAccountEmail":null,"vpc":null,"platform":"gcfv2","region":["europe-west1"],"secretEnvironmentVariables":[{"key":"LIQPAY_PUBLIC_KEY"},{"key":"LIQPAY_PRIVATE_KEY"},{"key":"PAYPARTS_STORE_ID"},{"key":"PAYPARTS_PASSWORD"}],"labels":{},"httpsTrigger":{},"entryPoint":"createCheckoutPayload"},"liqpayCallback":{"availableMemoryMb":null,"timeoutSeconds":null,"minInstances":null,"maxInstances":10,"ingressSettings":null,"concurrency":null,"serviceAccountEmail":null,"vpc":null,"platform":"gcfv2","region":["europe-west1"],"secretEnvironmentVariables":[{"key":"LIQPAY_PUBLIC_KEY"},{"key":"LIQPAY_PRIVATE_KEY"}],"labels":{},"httpsTrigger":{},"entryPoint":"liqpayCallback"},"paypartsCallback":{"availableMemoryMb":null,"timeoutSeconds":null,"minInstances":null,"maxInstances":10,"ingressSettings":null,"concurrency":null,"serviceAccountEmail":null,"vpc":null,"platform":"gcfv2","region":["europe-west1"],"secretEnvironmentVariables":[{"key":"PAYPARTS_STORE_ID"},{"key":"PAYPARTS_PASSWORD"}],"labels":{},"httpsTrigger":{},"entryPoint":"paypartsCallback"},"getInstallmentSettings":{"availableMemoryMb":null,"timeoutSeconds":null,"minInstances":null,"maxInstances":10,"ingressSettings":null,"concurrency":null,"serviceAccountEmail":null,"vpc":null,"platform":"gcfv2","region":["europe-west1"],"secretEnvironmentVariables":[{"key":"PAYPARTS_STORE_ID"},{"key":"PAYPARTS_PASSWORD"}],"labels":{},"httpsTrigger":{},"entryPoint":"getInstallmentSettings"},"getPaymentStatus":{"availableMemoryMb":null,"timeoutSeconds":null,"minInstances":null,"maxInstances":10,"ingressSettings":null,"concurrency":null,"serviceAccountEmail":null,"vpc":null,"platform":"gcfv2","region":["europe-west1"],"secretEnvironmentVariables":[{"key":"LIQPAY_PUBLIC_KEY"},{"key":"LIQPAY_PRIVATE_KEY"},{"key":"PAYPARTS_STORE_ID"},{"key":"PAYPARTS_PASSWORD"}],"labels":{},"httpsTrigger":{},"entryPoint":"getPaymentStatus"}},"specVersion":"v1alpha1","requiredAPIs":[],"extensions":{},"params":[{"type":"secret","name":"LIQPAY_PUBLIC_KEY"},{"type":"secret","name":"LIQPAY_PRIVATE_KEY"},{"type":"secret","name":"PAYPARTS_STORE_ID"},{"type":"secret","name":"PAYPARTS_PASSWORD"}]}
[info] i  extensions: ensuring required API firebaseextensions.googleapis.com is enabled... 
[debug] [2026-02-27T10:57:48.662Z] > command requires scopes: ["email","openid","https://www.googleapis.com/auth/cloudplatformprojects.readonly","https://www.googleapis.com/auth/firebase","https://www.googleapis.com/auth/cloud-platform"]
[debug] [2026-02-27T10:57:48.662Z] > authorizing via signed-in user (serjmitaki@gmail.com)
[debug] [2026-02-27T10:57:48.662Z] [iam] checking project vikna-service-prod for permissions ["firebase.projects.get","firebaseextensions.instances.list"]
[debug] [2026-02-27T10:57:48.663Z] Checked if tokens are valid: true, expires at: 1772191564831
[debug] [2026-02-27T10:57:48.664Z] Checked if tokens are valid: true, expires at: 1772191564831
[debug] [2026-02-27T10:57:48.664Z] >>> [apiv2][query] POST https://cloudresourcemanager.googleapis.com/v1/projects/vikna-service-prod:testIamPermissions [none]
[debug] [2026-02-27T10:57:48.664Z] >>> [apiv2][(partial)header] POST https://cloudresourcemanager.googleapis.com/v1/projects/vikna-service-prod:testIamPermissions  x-goog-user-project=vikna-service-prod
[debug] [2026-02-27T10:57:48.664Z] >>> [apiv2][body] POST https://cloudresourcemanager.googleapis.com/v1/projects/vikna-service-prod:testIamPermissions {"permissions":["firebase.projects.get","firebaseextensions.instances.list"]}
[debug] [2026-02-27T10:57:49.515Z] <<< [apiv2][status] POST https://cloudresourcemanager.googleapis.com/v1/projects/vikna-service-prod:testIamPermissions 200
[debug] [2026-02-27T10:57:49.515Z] <<< [apiv2][body] POST https://cloudresourcemanager.googleapis.com/v1/projects/vikna-service-prod:testIamPermissions {"permissions":["firebase.projects.get","firebaseextensions.instances.list"]}
[debug] [2026-02-27T10:57:49.515Z] Checked if tokens are valid: true, expires at: 1772191564831
[debug] [2026-02-27T10:57:49.515Z] Checked if tokens are valid: true, expires at: 1772191564831
[debug] [2026-02-27T10:57:49.516Z] >>> [apiv2][query] GET https://firebaseextensions.googleapis.com/v1beta/projects/vikna-service-prod/instances pageSize=100&pageToken=
[debug] [2026-02-27T10:57:50.497Z] <<< [apiv2][status] GET https://firebaseextensions.googleapis.com/v1beta/projects/vikna-service-prod/instances 200
[debug] [2026-02-27T10:57:50.497Z] <<< [apiv2][body] GET https://firebaseextensions.googleapis.com/v1beta/projects/vikna-service-prod/instances {}
[info] i  functions: Loaded environment variables from .env.vikna-service-prod. 
[debug] [2026-02-27T10:57:50.500Z] Checked if tokens are valid: true, expires at: 1772191564831
[debug] [2026-02-27T10:57:50.500Z] Checked if tokens are valid: true, expires at: 1772191564831
[debug] [2026-02-27T10:57:50.500Z] >>> [apiv2][query] GET https://secretmanager.googleapis.com/v1/projects/vikna-service-prod/secrets/LIQPAY_PUBLIC_KEY [none]
[debug] [2026-02-27T10:57:50.807Z] <<< [apiv2][status] GET https://secretmanager.googleapis.com/v1/projects/vikna-service-prod/secrets/LIQPAY_PUBLIC_KEY 200
[debug] [2026-02-27T10:57:50.807Z] <<< [apiv2][body] GET https://secretmanager.googleapis.com/v1/projects/vikna-service-prod/secrets/LIQPAY_PUBLIC_KEY {"name":"projects/933338618880/secrets/LIQPAY_PUBLIC_KEY","replication":{"automatic":{}},"createTime":"2026-02-25T18:40:03.419787Z","labels":{"firebase-managed":"functions"},"etag":"\"164baa552228fc\""}
[debug] [2026-02-27T10:57:50.807Z] Checked if tokens are valid: true, expires at: 1772191564831
[debug] [2026-02-27T10:57:50.807Z] Checked if tokens are valid: true, expires at: 1772191564831
[debug] [2026-02-27T10:57:50.808Z] >>> [apiv2][query] GET https://secretmanager.googleapis.com/v1/projects/vikna-service-prod/secrets/LIQPAY_PUBLIC_KEY/versions/latest [none]
[debug] [2026-02-27T10:57:50.999Z] <<< [apiv2][status] GET https://secretmanager.googleapis.com/v1/projects/vikna-service-prod/secrets/LIQPAY_PUBLIC_KEY/versions/latest 200
[debug] [2026-02-27T10:57:50.999Z] <<< [apiv2][body] GET https://secretmanager.googleapis.com/v1/projects/vikna-service-prod/secrets/LIQPAY_PUBLIC_KEY/versions/latest {"name":"projects/933338618880/secrets/LIQPAY_PUBLIC_KEY/versions/3","createTime":"2026-02-27T09:35:21.730135Z","state":"ENABLED","replicationStatus":{"automatic":{}},"etag":"\"164bcaf4bc6c57\""}
[debug] [2026-02-27T10:57:50.999Z] Checked if tokens are valid: true, expires at: 1772191564831
[debug] [2026-02-27T10:57:50.999Z] Checked if tokens are valid: true, expires at: 1772191564831
[debug] [2026-02-27T10:57:50.999Z] >>> [apiv2][query] GET https://secretmanager.googleapis.com/v1/projects/vikna-service-prod/secrets/LIQPAY_PRIVATE_KEY [none]
[debug] [2026-02-27T10:57:51.209Z] <<< [apiv2][status] GET https://secretmanager.googleapis.com/v1/projects/vikna-service-prod/secrets/LIQPAY_PRIVATE_KEY 200
[debug] [2026-02-27T10:57:51.209Z] <<< [apiv2][body] GET https://secretmanager.googleapis.com/v1/projects/vikna-service-prod/secrets/LIQPAY_PRIVATE_KEY {"name":"projects/933338618880/secrets/LIQPAY_PRIVATE_KEY","replication":{"automatic":{}},"createTime":"2026-02-25T18:40:03.367147Z","labels":{"firebase-managed":"functions"},"etag":"\"164baa5519a91e\""}
[debug] [2026-02-27T10:57:51.210Z] Checked if tokens are valid: true, expires at: 1772191564831
[debug] [2026-02-27T10:57:51.210Z] Checked if tokens are valid: true, expires at: 1772191564831
[debug] [2026-02-27T10:57:51.210Z] >>> [apiv2][query] GET https://secretmanager.googleapis.com/v1/projects/vikna-service-prod/secrets/LIQPAY_PRIVATE_KEY/versions/latest [none]
[debug] [2026-02-27T10:57:51.392Z] <<< [apiv2][status] GET https://secretmanager.googleapis.com/v1/projects/vikna-service-prod/secrets/LIQPAY_PRIVATE_KEY/versions/latest 200
[debug] [2026-02-27T10:57:51.393Z] <<< [apiv2][body] GET https://secretmanager.googleapis.com/v1/projects/vikna-service-prod/secrets/LIQPAY_PRIVATE_KEY/versions/latest {"name":"projects/933338618880/secrets/LIQPAY_PRIVATE_KEY/versions/3","createTime":"2026-02-27T09:35:34.789748Z","state":"ENABLED","replicationStatus":{"automatic":{}},"etag":"\"164bcaf583b274\""}
[debug] [2026-02-27T10:57:51.393Z] Checked if tokens are valid: true, expires at: 1772191564831
[debug] [2026-02-27T10:57:51.393Z] Checked if tokens are valid: true, expires at: 1772191564831
[debug] [2026-02-27T10:57:51.393Z] >>> [apiv2][query] GET https://secretmanager.googleapis.com/v1/projects/vikna-service-prod/secrets/PAYPARTS_STORE_ID [none]
[debug] [2026-02-27T10:57:51.568Z] <<< [apiv2][status] GET https://secretmanager.googleapis.com/v1/projects/vikna-service-prod/secrets/PAYPARTS_STORE_ID 200
[debug] [2026-02-27T10:57:51.568Z] <<< [apiv2][body] GET https://secretmanager.googleapis.com/v1/projects/vikna-service-prod/secrets/PAYPARTS_STORE_ID {"name":"projects/933338618880/secrets/PAYPARTS_STORE_ID","replication":{"automatic":{}},"createTime":"2026-02-27T09:20:09.018396Z","labels":{"firebase-managed":"functions"},"etag":"\"164bcabe5c50b4\""}
[debug] [2026-02-27T10:57:51.569Z] Checked if tokens are valid: true, expires at: 1772191564831
[debug] [2026-02-27T10:57:51.569Z] Checked if tokens are valid: true, expires at: 1772191564831
[debug] [2026-02-27T10:57:51.569Z] >>> [apiv2][query] GET https://secretmanager.googleapis.com/v1/projects/vikna-service-prod/secrets/PAYPARTS_STORE_ID/versions/latest [none]
[debug] [2026-02-27T10:57:51.740Z] <<< [apiv2][status] GET https://secretmanager.googleapis.com/v1/projects/vikna-service-prod/secrets/PAYPARTS_STORE_ID/versions/latest 200
[debug] [2026-02-27T10:57:51.740Z] <<< [apiv2][body] GET https://secretmanager.googleapis.com/v1/projects/vikna-service-prod/secrets/PAYPARTS_STORE_ID/versions/latest {"name":"projects/933338618880/secrets/PAYPARTS_STORE_ID/versions/1","createTime":"2026-02-27T09:20:12.014773Z","state":"ENABLED","replicationStatus":{"automatic":{}},"etag":"\"164bcabe8344b5\""}
[debug] [2026-02-27T10:57:51.740Z] Checked if tokens are valid: true, expires at: 1772191564831
[debug] [2026-02-27T10:57:51.740Z] Checked if tokens are valid: true, expires at: 1772191564831
[debug] [2026-02-27T10:57:51.740Z] >>> [apiv2][query] GET https://secretmanager.googleapis.com/v1/projects/vikna-service-prod/secrets/PAYPARTS_PASSWORD [none]
[debug] [2026-02-27T10:57:51.905Z] <<< [apiv2][status] GET https://secretmanager.googleapis.com/v1/projects/vikna-service-prod/secrets/PAYPARTS_PASSWORD 200
[debug] [2026-02-27T10:57:51.905Z] <<< [apiv2][body] GET https://secretmanager.googleapis.com/v1/projects/vikna-service-prod/secrets/PAYPARTS_PASSWORD {"name":"projects/933338618880/secrets/PAYPARTS_PASSWORD","replication":{"automatic":{}},"createTime":"2026-02-27T09:20:09.018484Z","labels":{"firebase-managed":"functions"},"etag":"\"164bcabe69f766\""}
[debug] [2026-02-27T10:57:51.905Z] Checked if tokens are valid: true, expires at: 1772191564831
[debug] [2026-02-27T10:57:51.905Z] Checked if tokens are valid: true, expires at: 1772191564831
[debug] [2026-02-27T10:57:51.906Z] >>> [apiv2][query] GET https://secretmanager.googleapis.com/v1/projects/vikna-service-prod/secrets/PAYPARTS_PASSWORD/versions/latest [none]
[debug] [2026-02-27T10:57:52.070Z] <<< [apiv2][status] GET https://secretmanager.googleapis.com/v1/projects/vikna-service-prod/secrets/PAYPARTS_PASSWORD/versions/latest 200
[debug] [2026-02-27T10:57:52.071Z] <<< [apiv2][body] GET https://secretmanager.googleapis.com/v1/projects/vikna-service-prod/secrets/PAYPARTS_PASSWORD/versions/latest {"name":"projects/933338618880/secrets/PAYPARTS_PASSWORD/versions/1","createTime":"2026-02-27T09:20:12.708264Z","state":"ENABLED","replicationStatus":{"automatic":{}},"etag":"\"164bcabe8dd9a8\""}
[info] i  functions: preparing functions directory for uploading... 
[info] i  functions: packaged /Users/serhiimytakii/Projects/vikna-service/functions (130.31 KB) for uploading 
[debug] [2026-02-27T10:57:52.116Z] Checked if tokens are valid: true, expires at: 1772191564831
[debug] [2026-02-27T10:57:52.116Z] Checked if tokens are valid: true, expires at: 1772191564831
[debug] [2026-02-27T10:57:52.116Z] >>> [apiv2][query] GET https://cloudfunctions.googleapis.com/v1/projects/vikna-service-prod/locations/-/functions [none]
[debug] [2026-02-27T10:57:52.844Z] <<< [apiv2][status] GET https://cloudfunctions.googleapis.com/v1/projects/vikna-service-prod/locations/-/functions 200
[debug] [2026-02-27T10:57:52.844Z] <<< [apiv2][body] GET https://cloudfunctions.googleapis.com/v1/projects/vikna-service-prod/locations/-/functions {}
[debug] [2026-02-27T10:57:52.845Z] Checked if tokens are valid: true, expires at: 1772191564831
[debug] [2026-02-27T10:57:52.845Z] Checked if tokens are valid: true, expires at: 1772191564831
[debug] [2026-02-27T10:57:52.845Z] >>> [apiv2][query] GET https://cloudfunctions.googleapis.com/v2/projects/vikna-service-prod/locations/-/functions filter=environment%3D%22GEN_2%22
[debug] [2026-02-27T10:57:53.337Z] <<< [apiv2][status] GET https://cloudfunctions.googleapis.com/v2/projects/vikna-service-prod/locations/-/functions 200
[debug] [2026-02-27T10:57:53.337Z] <<< [apiv2][body] GET https://cloudfunctions.googleapis.com/v2/projects/vikna-service-prod/locations/-/functions {"functions":[{"name":"projects/vikna-service-prod/locations/europe-west1/functions/createCheckoutPayload","buildConfig":{"build":"projects/933338618880/locations/europe-west1/builds/ad9d6edd-6381-40c6-b7fa-3b17229c4693","runtime":"nodejs20","entryPoint":"createCheckoutPayload","source":{"storageSource":{"bucket":"gcf-v2-sources-933338618880-europe-west1","object":"createCheckoutPayload/function-source.zip","generation":"1772188335039308"}},"environmentVariables":{"GOOGLE_NODE_RUN_SCRIPTS":""},"dockerRepository":"projects/vikna-service-prod/locations/europe-west1/repositories/gcf-artifacts","sourceProvenance":{"resolvedStorageSource":{"bucket":"gcf-v2-sources-933338618880-europe-west1","object":"createCheckoutPayload/function-source.zip","generation":"1772188335039308"}},"dockerRegistry":"ARTIFACT_REGISTRY","serviceAccount":"projects/vikna-service-prod/serviceAccounts/933338618880-compute@developer.gserviceaccount.com","automaticUpdatePolicy":{}},"serviceConfig":{"service":"projects/vikna-service-prod/locations/europe-west1/services/createcheckoutpayload","timeoutSeconds":60,"environmentVariables":{"SITE_URL":"https://vikna-service-prod.web.app","FUNCTIONS_BASE_URL":"https://europe-west1-vikna-service-prod.cloudfunctions.net","ALLOWED_ORIGINS":"https://vikna-service.run.place,https://vikna-service.netlify.app,https://vikna-service-prod.web.app,https://vikna-service-prod.firebaseapp.com,http://localhost:3000,http://127.0.0.1:3000","FIREBASE_CONFIG":"{\"projectId\":\"vikna-service-prod\",\"storageBucket\":\"vikna-service-prod.firebasestorage.app\"}","GCLOUD_PROJECT":"vikna-service-prod","EVENTARC_CLOUD_EVENT_SOURCE":"projects/vikna-service-prod/locations/europe-west1/services/createCheckoutPayload","FUNCTION_TARGET":"createCheckoutPayload","LOG_EXECUTION_ID":"true","FUNCTION_SIGNATURE_TYPE":"http"},"maxInstanceCount":10,"ingressSettings":"ALLOW_ALL","uri":"https://createcheckoutpayload-cbubifm43q-ew.a.run.app","serviceAccountEmail":"933338618880-compute@developer.gserviceaccount.com","availableMemory":"256Mi","allTrafficOnLatestRevision":true,"secretEnvironmentVariables":[{"key":"LIQPAY_PUBLIC_KEY","projectId":"vikna-service-prod","secret":"LIQPAY_PUBLIC_KEY","version":"3"},{"key":"LIQPAY_PRIVATE_KEY","projectId":"vikna-service-prod","secret":"LIQPAY_PRIVATE_KEY","version":"3"},{"key":"PAYPARTS_STORE_ID","projectId":"vikna-service-prod","secret":"PAYPARTS_STORE_ID","version":"1"},{"key":"PAYPARTS_PASSWORD","projectId":"vikna-service-prod","secret":"PAYPARTS_PASSWORD","version":"1"}],"revision":"createcheckoutpayload-00017-dip","maxInstanceRequestConcurrency":80,"availableCpu":"1"},"state":"ACTIVE","updateTime":"2026-02-27T10:32:21.976309802Z","labels":{"deployment-tool":"cli-firebase","firebase-functions-hash":"3f7f504bec56698d0925d9b4cae16a8e06df8917"},"environment":"GEN_2","url":"https://europe-west1-vikna-service-prod.cloudfunctions.net/createCheckoutPayload","createTime":"2026-02-25T18:28:00.533212310Z","satisfiesPzi":true},{"name":"projects/vikna-service-prod/locations/europe-west1/functions/getInstallmentSettings","buildConfig":{"build":"projects/933338618880/locations/europe-west1/builds/ad9d6edd-6381-40c6-b7fa-3b17229c4693","runtime":"nodejs20","entryPoint":"getInstallmentSettings","source":{"storageSource":{"bucket":"gcf-v2-sources-933338618880-europe-west1","object":"getInstallmentSettings/function-source.zip","generation":"1772188276102454"}},"environmentVariables":{"GOOGLE_NODE_RUN_SCRIPTS":""},"dockerRepository":"projects/vikna-service-prod/locations/europe-west1/repositories/gcf-artifacts","sourceProvenance":{"resolvedStorageSource":{"bucket":"gcf-v2-sources-933338618880-europe-west1","object":"getInstallmentSettings/function-source.zip","generation":"1772188276102454"}},"dockerRegistry":"ARTIFACT_REGISTRY","serviceAccount":"projects/vikna-service-prod/serviceAccounts/933338618880-compute@developer.gserviceaccount.com","automaticUpdatePolicy":{}},"serviceConfig":{"service":"projects/vikna-service-prod/locations/europe-west1/services/getinstallmentsettings","timeoutSeconds":60,"environmentVariables":{"SITE_URL":"https://vikna-service-prod.web.app","FUNCTIONS_BASE_URL":"https://europe-west1-vikna-service-prod.cloudfunctions.net","ALLOWED_ORIGINS":"https://vikna-service.run.place,https://vikna-service.netlify.app,https://vikna-service-prod.web.app,https://vikna-service-prod.firebaseapp.com,http://localhost:3000,http://127.0.0.1:3000","FIREBASE_CONFIG":"{\"projectId\":\"vikna-service-prod\",\"storageBucket\":\"vikna-service-prod.firebasestorage.app\"}","GCLOUD_PROJECT":"vikna-service-prod","EVENTARC_CLOUD_EVENT_SOURCE":"projects/vikna-service-prod/locations/europe-west1/services/getInstallmentSettings","FUNCTION_TARGET":"getInstallmentSettings","LOG_EXECUTION_ID":"true"},"maxInstanceCount":10,"ingressSettings":"ALLOW_ALL","uri":"https://getinstallmentsettings-cbubifm43q-ew.a.run.app","serviceAccountEmail":"933338618880-compute@developer.gserviceaccount.com","availableMemory":"256Mi","allTrafficOnLatestRevision":true,"secretEnvironmentVariables":[{"key":"PAYPARTS_STORE_ID","projectId":"vikna-service-prod","secret":"PAYPARTS_STORE_ID","version":"1"},{"key":"PAYPARTS_PASSWORD","projectId":"vikna-service-prod","secret":"PAYPARTS_PASSWORD","version":"1"}],"revision":"getinstallmentsettings-00001-hac","maxInstanceRequestConcurrency":80,"availableCpu":"1"},"state":"ACTIVE","updateTime":"2026-02-27T10:32:16.620884771Z","labels":{"deployment-tool":"cli-firebase","firebase-functions-hash":"db69fa13790b834ed22938f9ab6779488aaaf906"},"environment":"GEN_2","url":"https://europe-west1-vikna-service-prod.cloudfunctions.net/getInstallmentSettings","createTime":"2026-02-27T10:31:16.505667201Z","satisfiesPzi":true},{"name":"projects/vikna-service-prod/locations/europe-west1/functions/getPaymentStatus","buildConfig":{"build":"projects/933338618880/locations/europe-west1/builds/ad9d6edd-6381-40c6-b7fa-3b17229c4693","runtime":"nodejs20","entryPoint":"getPaymentStatus","source":{"storageSource":{"bucket":"gcf-v2-sources-933338618880-europe-west1","object":"getPaymentStatus/function-source.zip","generation":"1772188335166606"}},"environmentVariables":{"GOOGLE_NODE_RUN_SCRIPTS":""},"dockerRepository":"projects/vikna-service-prod/locations/europe-west1/repositories/gcf-artifacts","sourceProvenance":{"resolvedStorageSource":{"bucket":"gcf-v2-sources-933338618880-europe-west1","object":"getPaymentStatus/function-source.zip","generation":"1772188335166606"}},"dockerRegistry":"ARTIFACT_REGISTRY","serviceAccount":"projects/vikna-service-prod/serviceAccounts/933338618880-compute@developer.gserviceaccount.com","automaticUpdatePolicy":{}},"serviceConfig":{"service":"projects/vikna-service-prod/locations/europe-west1/services/getpaymentstatus","timeoutSeconds":60,"environmentVariables":{"SITE_URL":"https://vikna-service-prod.web.app","FUNCTIONS_BASE_URL":"https://europe-west1-vikna-service-prod.cloudfunctions.net","ALLOWED_ORIGINS":"https://vikna-service.run.place,https://vikna-service.netlify.app,https://vikna-service-prod.web.app,https://vikna-service-prod.firebaseapp.com,http://localhost:3000,http://127.0.0.1:3000","FIREBASE_CONFIG":"{\"projectId\":\"vikna-service-prod\",\"storageBucket\":\"vikna-service-prod.firebasestorage.app\"}","GCLOUD_PROJECT":"vikna-service-prod","EVENTARC_CLOUD_EVENT_SOURCE":"projects/vikna-service-prod/locations/europe-west1/services/getPaymentStatus","FUNCTION_TARGET":"getPaymentStatus","LOG_EXECUTION_ID":"true","FUNCTION_SIGNATURE_TYPE":"http"},"maxInstanceCount":10,"ingressSettings":"ALLOW_ALL","uri":"https://getpaymentstatus-cbubifm43q-ew.a.run.app","serviceAccountEmail":"933338618880-compute@developer.gserviceaccount.com","availableMemory":"256Mi","allTrafficOnLatestRevision":true,"secretEnvironmentVariables":[{"key":"LIQPAY_PUBLIC_KEY","projectId":"vikna-service-prod","secret":"LIQPAY_PUBLIC_KEY","version":"3"},{"key":"LIQPAY_PRIVATE_KEY","projectId":"vikna-service-prod","secret":"LIQPAY_PRIVATE_KEY","version":"3"},{"key":"PAYPARTS_STORE_ID","projectId":"vikna-service-prod","secret":"PAYPARTS_STORE_ID","version":"1"},{"key":"PAYPARTS_PASSWORD","projectId":"vikna-service-prod","secret":"PAYPARTS_PASSWORD","version":"1"}],"revision":"getpaymentstatus-00014-mit","maxInstanceRequestConcurrency":80,"availableCpu":"1"},"state":"ACTIVE","updateTime":"2026-02-27T10:32:21.374813514Z","labels":{"deployment-tool":"cli-firebase","firebase-functions-hash":"3f7f504bec56698d0925d9b4cae16a8e06df8917"},"environment":"GEN_2","url":"https://europe-west1-vikna-service-prod.cloudfunctions.net/getPaymentStatus","createTime":"2026-02-25T20:51:09.249134879Z","satisfiesPzi":true},{"name":"projects/vikna-service-prod/locations/europe-west1/functions/paypartsCallback","buildConfig":{"build":"projects/933338618880/locations/europe-west1/builds/ad9d6edd-6381-40c6-b7fa-3b17229c4693","runtime":"nodejs20","entryPoint":"paypartsCallback","source":{"storageSource":{"bucket":"gcf-v2-sources-933338618880-europe-west1","object":"paypartsCallback/function-source.zip","generation":"1772188335140683"}},"environmentVariables":{"GOOGLE_NODE_RUN_SCRIPTS":""},"dockerRepository":"projects/vikna-service-prod/locations/europe-west1/repositories/gcf-artifacts","sourceProvenance":{"resolvedStorageSource":{"bucket":"gcf-v2-sources-933338618880-europe-west1","object":"paypartsCallback/function-source.zip","generation":"1772188335140683"}},"dockerRegistry":"ARTIFACT_REGISTRY","serviceAccount":"projects/vikna-service-prod/serviceAccounts/933338618880-compute@developer.gserviceaccount.com","automaticUpdatePolicy":{}},"serviceConfig":{"service":"projects/vikna-service-prod/locations/europe-west1/services/paypartscallback","timeoutSeconds":60,"environmentVariables":{"SITE_URL":"https://vikna-service-prod.web.app","FUNCTIONS_BASE_URL":"https://europe-west1-vikna-service-prod.cloudfunctions.net","ALLOWED_ORIGINS":"https://vikna-service.run.place,https://vikna-service.netlify.app,https://vikna-service-prod.web.app,https://vikna-service-prod.firebaseapp.com,http://localhost:3000,http://127.0.0.1:3000","FIREBASE_CONFIG":"{\"projectId\":\"vikna-service-prod\",\"storageBucket\":\"vikna-service-prod.firebasestorage.app\"}","GCLOUD_PROJECT":"vikna-service-prod","EVENTARC_CLOUD_EVENT_SOURCE":"projects/vikna-service-prod/locations/europe-west1/services/paypartsCallback","FUNCTION_TARGET":"paypartsCallback","LOG_EXECUTION_ID":"true","FUNCTION_SIGNATURE_TYPE":"http"},"maxInstanceCount":10,"ingressSettings":"ALLOW_ALL","uri":"https://paypartscallback-cbubifm43q-ew.a.run.app","serviceAccountEmail":"933338618880-compute@developer.gserviceaccount.com","availableMemory":"256Mi","allTrafficOnLatestRevision":true,"secretEnvironmentVariables":[{"key":"PAYPARTS_STORE_ID","projectId":"vikna-service-prod","secret":"PAYPARTS_STORE_ID","version":"1"},{"key":"PAYPARTS_PASSWORD","projectId":"vikna-service-prod","secret":"PAYPARTS_PASSWORD","version":"1"}],"revision":"paypartscallback-00004-vaz","maxInstanceRequestConcurrency":80,"availableCpu":"1"},"state":"ACTIVE","updateTime":"2026-02-27T10:32:21.365813276Z","labels":{"deployment-tool":"cli-firebase","firebase-functions-hash":"db69fa13790b834ed22938f9ab6779488aaaf906"},"environment":"GEN_2","url":"https://europe-west1-vikna-service-prod.cloudfunctions.net/paypartsCallback","createTime":"2026-02-27T09:21:44.120313276Z","satisfiesPzi":true},{"name":"projects/vikna-service-prod/locations/europe-west1/functions/liqpayCallback","buildConfig":{"build":"projects/933338618880/locations/europe-west1/builds/ad9d6edd-6381-40c6-b7fa-3b17229c4693","runtime":"nodejs20","entryPoint":"liqpayCallback","source":{"storageSource":{"bucket":"gcf-v2-sources-933338618880-europe-west1","object":"liqpayCallback/function-source.zip","generation":"1772188335019479"}},"environmentVariables":{"GOOGLE_NODE_RUN_SCRIPTS":""},"dockerRepository":"projects/vikna-service-prod/locations/europe-west1/repositories/gcf-artifacts","sourceProvenance":{"resolvedStorageSource":{"bucket":"gcf-v2-sources-933338618880-europe-west1","object":"liqpayCallback/function-source.zip","generation":"1772188335019479"}},"dockerRegistry":"ARTIFACT_REGISTRY","serviceAccount":"projects/vikna-service-prod/serviceAccounts/933338618880-compute@developer.gserviceaccount.com","automaticUpdatePolicy":{}},"serviceConfig":{"service":"projects/vikna-service-prod/locations/europe-west1/services/liqpaycallback","timeoutSeconds":60,"environmentVariables":{"SITE_URL":"https://vikna-service-prod.web.app","FUNCTIONS_BASE_URL":"https://europe-west1-vikna-service-prod.cloudfunctions.net","ALLOWED_ORIGINS":"https://vikna-service.run.place,https://vikna-service.netlify.app,https://vikna-service-prod.web.app,https://vikna-service-prod.firebaseapp.com,http://localhost:3000,http://127.0.0.1:3000","FIREBASE_CONFIG":"{\"projectId\":\"vikna-service-prod\",\"storageBucket\":\"vikna-service-prod.firebasestorage.app\"}","GCLOUD_PROJECT":"vikna-service-prod","EVENTARC_CLOUD_EVENT_SOURCE":"projects/vikna-service-prod/locations/europe-west1/services/liqpayCallback","FUNCTION_TARGET":"liqpayCallback","LOG_EXECUTION_ID":"true","FUNCTION_SIGNATURE_TYPE":"http"},"maxInstanceCount":10,"ingressSettings":"ALLOW_ALL","uri":"https://liqpaycallback-cbubifm43q-ew.a.run.app","serviceAccountEmail":"933338618880-compute@developer.gserviceaccount.com","availableMemory":"256Mi","allTrafficOnLatestRevision":true,"secretEnvironmentVariables":[{"key":"LIQPAY_PUBLIC_KEY","projectId":"vikna-service-prod","secret":"LIQPAY_PUBLIC_KEY","version":"3"},{"key":"LIQPAY_PRIVATE_KEY","projectId":"vikna-service-prod","secret":"LIQPAY_PRIVATE_KEY","version":"3"}],"revision":"liqpaycallback-00017-zeh","maxInstanceRequestConcurrency":80,"availableCpu":"1"},"state":"ACTIVE","updateTime":"2026-02-27T10:32:21.385158393Z","labels":{"firebase-functions-hash":"4211e34895258da2e06804ba40e8327722c3527e","deployment-tool":"cli-firebase"},"environment":"GEN_2","url":"https://europe-west1-vikna-service-prod.cloudfunctions.net/liqpayCallback","createTime":"2026-02-25T18:29:18.898688239Z","satisfiesPzi":true}]}
[info] i  functions: ensuring required API run.googleapis.com is enabled... 
[info] i  functions: ensuring required API eventarc.googleapis.com is enabled... 
[info] i  functions: ensuring required API pubsub.googleapis.com is enabled... 
[info] i  functions: ensuring required API storage.googleapis.com is enabled... 
[info] i  functions: generating the service identity for pubsub.googleapis.com... 
[debug] [2026-02-27T10:57:53.341Z] Checked if tokens are valid: true, expires at: 1772191564831
[debug] [2026-02-27T10:57:53.341Z] Checked if tokens are valid: true, expires at: 1772191564831
[info] i  functions: generating the service identity for eventarc.googleapis.com... 
[debug] [2026-02-27T10:57:53.342Z] Checked if tokens are valid: true, expires at: 1772191564831
[debug] [2026-02-27T10:57:53.342Z] Checked if tokens are valid: true, expires at: 1772191564831
[debug] [2026-02-27T10:57:53.342Z] >>> [apiv2][query] POST https://serviceusage.googleapis.com/v1beta1/projects/933338618880/services/pubsub.googleapis.com:generateServiceIdentity [none]
[debug] [2026-02-27T10:57:53.342Z] >>> [apiv2][(partial)header] POST https://serviceusage.googleapis.com/v1beta1/projects/933338618880/services/pubsub.googleapis.com:generateServiceIdentity  x-goog-user-project=933338618880
[debug] [2026-02-27T10:57:53.342Z] >>> [apiv2][body] POST https://serviceusage.googleapis.com/v1beta1/projects/933338618880/services/pubsub.googleapis.com:generateServiceIdentity {}
[debug] [2026-02-27T10:57:53.343Z] >>> [apiv2][query] POST https://serviceusage.googleapis.com/v1beta1/projects/933338618880/services/eventarc.googleapis.com:generateServiceIdentity [none]
[debug] [2026-02-27T10:57:53.343Z] >>> [apiv2][(partial)header] POST https://serviceusage.googleapis.com/v1beta1/projects/933338618880/services/eventarc.googleapis.com:generateServiceIdentity  x-goog-user-project=933338618880
[debug] [2026-02-27T10:57:53.343Z] >>> [apiv2][body] POST https://serviceusage.googleapis.com/v1beta1/projects/933338618880/services/eventarc.googleapis.com:generateServiceIdentity {}
[debug] [2026-02-27T10:57:54.373Z] <<< [apiv2][status] POST https://serviceusage.googleapis.com/v1beta1/projects/933338618880/services/eventarc.googleapis.com:generateServiceIdentity 200
[debug] [2026-02-27T10:57:54.373Z] <<< [apiv2][body] POST https://serviceusage.googleapis.com/v1beta1/projects/933338618880/services/eventarc.googleapis.com:generateServiceIdentity {"name":"operations/finished.DONE_OPERATION","done":true,"response":{"@type":"type.googleapis.com/google.api.serviceusage.v1beta1.ServiceIdentity","email":"service-933338618880@gcp-sa-eventarc.iam.gserviceaccount.com","uniqueId":"104942422652593553889"}}
[debug] [2026-02-27T10:57:54.489Z] <<< [apiv2][status] POST https://serviceusage.googleapis.com/v1beta1/projects/933338618880/services/pubsub.googleapis.com:generateServiceIdentity 200
[debug] [2026-02-27T10:57:54.489Z] <<< [apiv2][body] POST https://serviceusage.googleapis.com/v1beta1/projects/933338618880/services/pubsub.googleapis.com:generateServiceIdentity {"name":"operations/finished.DONE_OPERATION","done":true,"response":{"@type":"type.googleapis.com/google.api.serviceusage.v1beta1.ServiceIdentity","email":"service-933338618880@gcp-sa-pubsub.iam.gserviceaccount.com","uniqueId":"110514877203776704941"}}
[info] i  functions: ensuring required API secretmanager.googleapis.com is enabled... 
[debug] [2026-02-27T10:57:54.492Z] Checked if tokens are valid: true, expires at: 1772191564831
[debug] [2026-02-27T10:57:54.492Z] Checked if tokens are valid: true, expires at: 1772191564831
[debug] [2026-02-27T10:57:54.492Z] Checked if tokens are valid: true, expires at: 1772191564831
[debug] [2026-02-27T10:57:54.493Z] Checked if tokens are valid: true, expires at: 1772191564831
[debug] [2026-02-27T10:57:54.493Z] Checked if tokens are valid: true, expires at: 1772191564831
[debug] [2026-02-27T10:57:54.493Z] Checked if tokens are valid: true, expires at: 1772191564831
[debug] [2026-02-27T10:57:54.493Z] Checked if tokens are valid: true, expires at: 1772191564831
[debug] [2026-02-27T10:57:54.493Z] Checked if tokens are valid: true, expires at: 1772191564831
[debug] [2026-02-27T10:57:54.493Z] >>> [apiv2][query] GET https://secretmanager.googleapis.com/v1/projects/vikna-service-prod/secrets/LIQPAY_PUBLIC_KEY/versions/latest [none]
[debug] [2026-02-27T10:57:54.493Z] >>> [apiv2][query] GET https://secretmanager.googleapis.com/v1/projects/vikna-service-prod/secrets/LIQPAY_PRIVATE_KEY/versions/latest [none]
[debug] [2026-02-27T10:57:54.495Z] >>> [apiv2][query] GET https://secretmanager.googleapis.com/v1/projects/vikna-service-prod/secrets/PAYPARTS_STORE_ID/versions/latest [none]
[debug] [2026-02-27T10:57:54.496Z] >>> [apiv2][query] GET https://secretmanager.googleapis.com/v1/projects/vikna-service-prod/secrets/PAYPARTS_PASSWORD/versions/latest [none]
[debug] [2026-02-27T10:57:54.657Z] <<< [apiv2][status] GET https://secretmanager.googleapis.com/v1/projects/vikna-service-prod/secrets/LIQPAY_PUBLIC_KEY/versions/latest 200
[debug] [2026-02-27T10:57:54.657Z] <<< [apiv2][body] GET https://secretmanager.googleapis.com/v1/projects/vikna-service-prod/secrets/LIQPAY_PUBLIC_KEY/versions/latest {"name":"projects/933338618880/secrets/LIQPAY_PUBLIC_KEY/versions/3","createTime":"2026-02-27T09:35:21.730135Z","state":"ENABLED","replicationStatus":{"automatic":{}},"etag":"\"164bcaf4bc6c57\""}
[debug] [2026-02-27T10:57:54.657Z] Resolved secret version of LIQPAY_PUBLIC_KEY to 3.
[debug] [2026-02-27T10:57:54.782Z] <<< [apiv2][status] GET https://secretmanager.googleapis.com/v1/projects/vikna-service-prod/secrets/PAYPARTS_STORE_ID/versions/latest 200
[debug] [2026-02-27T10:57:54.782Z] <<< [apiv2][body] GET https://secretmanager.googleapis.com/v1/projects/vikna-service-prod/secrets/PAYPARTS_STORE_ID/versions/latest {"name":"projects/933338618880/secrets/PAYPARTS_STORE_ID/versions/1","createTime":"2026-02-27T09:20:12.014773Z","state":"ENABLED","replicationStatus":{"automatic":{}},"etag":"\"164bcabe8344b5\""}
[debug] [2026-02-27T10:57:54.782Z] Resolved secret version of PAYPARTS_STORE_ID to 1.
[debug] [2026-02-27T10:57:54.783Z] <<< [apiv2][status] GET https://secretmanager.googleapis.com/v1/projects/vikna-service-prod/secrets/PAYPARTS_PASSWORD/versions/latest 200
[debug] [2026-02-27T10:57:54.783Z] <<< [apiv2][body] GET https://secretmanager.googleapis.com/v1/projects/vikna-service-prod/secrets/PAYPARTS_PASSWORD/versions/latest {"name":"projects/933338618880/secrets/PAYPARTS_PASSWORD/versions/1","createTime":"2026-02-27T09:20:12.708264Z","state":"ENABLED","replicationStatus":{"automatic":{}},"etag":"\"164bcabe8dd9a8\""}
[debug] [2026-02-27T10:57:54.783Z] Resolved secret version of PAYPARTS_PASSWORD to 1.
[debug] [2026-02-27T10:57:54.930Z] <<< [apiv2][status] GET https://secretmanager.googleapis.com/v1/projects/vikna-service-prod/secrets/LIQPAY_PRIVATE_KEY/versions/latest 200
[debug] [2026-02-27T10:57:54.930Z] <<< [apiv2][body] GET https://secretmanager.googleapis.com/v1/projects/vikna-service-prod/secrets/LIQPAY_PRIVATE_KEY/versions/latest {"name":"projects/933338618880/secrets/LIQPAY_PRIVATE_KEY/versions/3","createTime":"2026-02-27T09:35:34.789748Z","state":"ENABLED","replicationStatus":{"automatic":{}},"etag":"\"164bcaf583b274\""}
[debug] [2026-02-27T10:57:54.930Z] Resolved secret version of LIQPAY_PRIVATE_KEY to 3.
[debug] [2026-02-27T10:57:54.931Z] Checked if tokens are valid: true, expires at: 1772191564831
[debug] [2026-02-27T10:57:54.931Z] Checked if tokens are valid: true, expires at: 1772191564831
[debug] [2026-02-27T10:57:54.931Z] >>> [apiv2][query] GET https://cloudresourcemanager.googleapis.com/v1/projects/vikna-service-prod [none]
[debug] [2026-02-27T10:57:55.824Z] <<< [apiv2][status] GET https://cloudresourcemanager.googleapis.com/v1/projects/vikna-service-prod 200
[debug] [2026-02-27T10:57:55.824Z] <<< [apiv2][body] GET https://cloudresourcemanager.googleapis.com/v1/projects/vikna-service-prod {"projectNumber":"933338618880","projectId":"vikna-service-prod","lifecycleState":"ACTIVE","name":"Vikna Service Prod","labels":{"firebase":"enabled","firebase-core":"disabled"},"createTime":"2026-02-25T17:51:08.811475Z"}
[debug] [2026-02-27T10:57:55.825Z] Checked if tokens are valid: true, expires at: 1772191564831
[debug] [2026-02-27T10:57:55.825Z] Checked if tokens are valid: true, expires at: 1772191564831
[debug] [2026-02-27T10:57:55.825Z] >>> [apiv2][query] GET https://compute.googleapis.com/compute/v1/projects/933338618880 [none]
[debug] [2026-02-27T10:57:56.175Z] <<< [apiv2][status] GET https://compute.googleapis.com/compute/v1/projects/933338618880 403
[debug] [2026-02-27T10:57:56.175Z] <<< [apiv2][body] GET https://compute.googleapis.com/compute/v1/projects/933338618880 {"error":{"code":403,"message":"Compute Engine API has not been used in project 933338618880 before or it is disabled. Enable it by visiting https://console.developers.google.com/apis/api/compute.googleapis.com/overview?project=933338618880 then retry. If you enabled this API recently, wait a few minutes for the action to propagate to our systems and retry.","errors":[{"message":"Compute Engine API has not been used in project 933338618880 before or it is disabled. Enable it by visiting https://console.developers.google.com/apis/api/compute.googleapis.com/overview?project=933338618880 then retry. If you enabled this API recently, wait a few minutes for the action to propagate to our systems and retry.","domain":"usageLimits","reason":"accessNotConfigured","extendedHelp":"https://console.developers.google.com"}],"status":"PERMISSION_DENIED","details":[{"@type":"type.googleapis.com/google.rpc.ErrorInfo","reason":"SERVICE_DISABLED","domain":"googleapis.com","metadata":{"serviceTitle":"Compute Engine API","containerInfo":"933338618880","activationUrl":"https://console.developers.google.com/apis/api/compute.googleapis.com/overview?project=933338618880","consumer":"projects/933338618880","service":"compute.googleapis.com"}},{"@type":"type.googleapis.com/google.rpc.LocalizedMessage","locale":"en-US","message":"Compute Engine API has not been used in project 933338618880 before or it is disabled. Enable it by visiting https://console.developers.google.com/apis/api/compute.googleapis.com/overview?project=933338618880 then retry. If you enabled this API recently, wait a few minutes for the action to propagate to our systems and retry."},{"@type":"type.googleapis.com/google.rpc.Help","links":[{"description":"Google developers console API activation","url":"https://console.developers.google.com/apis/api/compute.googleapis.com/overview?project=933338618880"}]}]}}
[debug] [2026-02-27T10:57:56.176Z] unable to look up default compute service account. Falling back to 933338618880-compute@developer.gserviceaccount.com. Error: {"name":"FirebaseError","children":[],"context":{"body":{"error":{"code":403,"message":"Compute Engine API has not been used in project 933338618880 before or it is disabled. Enable it by visiting https://console.developers.google.com/apis/api/compute.googleapis.com/overview?project=933338618880 then retry. If you enabled this API recently, wait a few minutes for the action to propagate to our systems and retry.","errors":[{"message":"Compute Engine API has not been used in project 933338618880 before or it is disabled. Enable it by visiting https://console.developers.google.com/apis/api/compute.googleapis.com/overview?project=933338618880 then retry. If you enabled this API recently, wait a few minutes for the action to propagate to our systems and retry.","domain":"usageLimits","reason":"accessNotConfigured","extendedHelp":"https://console.developers.google.com"}],"status":"PERMISSION_DENIED","details":[{"@type":"type.googleapis.com/google.rpc.ErrorInfo","reason":"SERVICE_DISABLED","domain":"googleapis.com","metadata":{"serviceTitle":"Compute Engine API","containerInfo":"933338618880","activationUrl":"https://console.developers.google.com/apis/api/compute.googleapis.com/overview?project=933338618880","consumer":"projects/933338618880","service":"compute.googleapis.com"}},{"@type":"type.googleapis.com/google.rpc.LocalizedMessage","locale":"en-US","message":"Compute Engine API has not been used in project 933338618880 before or it is disabled. Enable it by visiting https://console.developers.google.com/apis/api/compute.googleapis.com/overview?project=933338618880 then retry. If you enabled this API recently, wait a few minutes for the action to propagate to our systems and retry."},{"@type":"type.googleapis.com/google.rpc.Help","links":[{"description":"Google developers console API activation","url":"https://console.developers.google.com/apis/api/compute.googleapis.com/overview?project=933338618880"}]}]}},"response":{"statusCode":403}},"exit":1,"message":"Request to https://compute.googleapis.com/compute/v1/projects/933338618880 had HTTP Error: 403, Compute Engine API has not been used in project 933338618880 before or it is disabled. Enable it by visiting https://console.developers.google.com/apis/api/compute.googleapis.com/overview?project=933338618880 then retry. If you enabled this API recently, wait a few minutes for the action to propagate to our systems and retry.","status":403}
[debug] [2026-02-27T10:57:56.176Z] Checked if tokens are valid: true, expires at: 1772191564831
[debug] [2026-02-27T10:57:56.176Z] Checked if tokens are valid: true, expires at: 1772191564831
[debug] [2026-02-27T10:57:56.176Z] >>> [apiv2][query] GET https://compute.googleapis.com/compute/v1/projects/933338618880 [none]
[debug] [2026-02-27T10:57:56.360Z] <<< [apiv2][status] GET https://compute.googleapis.com/compute/v1/projects/933338618880 403
[debug] [2026-02-27T10:57:56.360Z] <<< [apiv2][body] GET https://compute.googleapis.com/compute/v1/projects/933338618880 {"error":{"code":403,"message":"Compute Engine API has not been used in project 933338618880 before or it is disabled. Enable it by visiting https://console.developers.google.com/apis/api/compute.googleapis.com/overview?project=933338618880 then retry. If you enabled this API recently, wait a few minutes for the action to propagate to our systems and retry.","errors":[{"message":"Compute Engine API has not been used in project 933338618880 before or it is disabled. Enable it by visiting https://console.developers.google.com/apis/api/compute.googleapis.com/overview?project=933338618880 then retry. If you enabled this API recently, wait a few minutes for the action to propagate to our systems and retry.","domain":"usageLimits","reason":"accessNotConfigured","extendedHelp":"https://console.developers.google.com"}],"status":"PERMISSION_DENIED","details":[{"@type":"type.googleapis.com/google.rpc.ErrorInfo","reason":"SERVICE_DISABLED","domain":"googleapis.com","metadata":{"serviceTitle":"Compute Engine API","service":"compute.googleapis.com","consumer":"projects/933338618880","activationUrl":"https://console.developers.google.com/apis/api/compute.googleapis.com/overview?project=933338618880","containerInfo":"933338618880"}},{"@type":"type.googleapis.com/google.rpc.LocalizedMessage","locale":"en-US","message":"Compute Engine API has not been used in project 933338618880 before or it is disabled. Enable it by visiting https://console.developers.google.com/apis/api/compute.googleapis.com/overview?project=933338618880 then retry. If you enabled this API recently, wait a few minutes for the action to propagate to our systems and retry."},{"@type":"type.googleapis.com/google.rpc.Help","links":[{"description":"Google developers console API activation","url":"https://console.developers.google.com/apis/api/compute.googleapis.com/overview?project=933338618880"}]}]}}
[debug] [2026-02-27T10:57:56.361Z] unable to look up default compute service account. Falling back to 933338618880-compute@developer.gserviceaccount.com. Error: {"name":"FirebaseError","children":[],"context":{"body":{"error":{"code":403,"message":"Compute Engine API has not been used in project 933338618880 before or it is disabled. Enable it by visiting https://console.developers.google.com/apis/api/compute.googleapis.com/overview?project=933338618880 then retry. If you enabled this API recently, wait a few minutes for the action to propagate to our systems and retry.","errors":[{"message":"Compute Engine API has not been used in project 933338618880 before or it is disabled. Enable it by visiting https://console.developers.google.com/apis/api/compute.googleapis.com/overview?project=933338618880 then retry. If you enabled this API recently, wait a few minutes for the action to propagate to our systems and retry.","domain":"usageLimits","reason":"accessNotConfigured","extendedHelp":"https://console.developers.google.com"}],"status":"PERMISSION_DENIED","details":[{"@type":"type.googleapis.com/google.rpc.ErrorInfo","reason":"SERVICE_DISABLED","domain":"googleapis.com","metadata":{"serviceTitle":"Compute Engine API","service":"compute.googleapis.com","consumer":"projects/933338618880","activationUrl":"https://console.developers.google.com/apis/api/compute.googleapis.com/overview?project=933338618880","containerInfo":"933338618880"}},{"@type":"type.googleapis.com/google.rpc.LocalizedMessage","locale":"en-US","message":"Compute Engine API has not been used in project 933338618880 before or it is disabled. Enable it by visiting https://console.developers.google.com/apis/api/compute.googleapis.com/overview?project=933338618880 then retry. If you enabled this API recently, wait a few minutes for the action to propagate to our systems and retry."},{"@type":"type.googleapis.com/google.rpc.Help","links":[{"description":"Google developers console API activation","url":"https://console.developers.google.com/apis/api/compute.googleapis.com/overview?project=933338618880"}]}]}},"response":{"statusCode":403}},"exit":1,"message":"Request to https://compute.googleapis.com/compute/v1/projects/933338618880 had HTTP Error: 403, Compute Engine API has not been used in project 933338618880 before or it is disabled. Enable it by visiting https://console.developers.google.com/apis/api/compute.googleapis.com/overview?project=933338618880 then retry. If you enabled this API recently, wait a few minutes for the action to propagate to our systems and retry.","status":403}
[debug] [2026-02-27T10:57:56.361Z] Checked if tokens are valid: true, expires at: 1772191564831
[debug] [2026-02-27T10:57:56.361Z] Checked if tokens are valid: true, expires at: 1772191564831
[debug] [2026-02-27T10:57:56.361Z] >>> [apiv2][query] GET https://compute.googleapis.com/compute/v1/projects/933338618880 [none]
[debug] [2026-02-27T10:57:56.560Z] <<< [apiv2][status] GET https://compute.googleapis.com/compute/v1/projects/933338618880 403
[debug] [2026-02-27T10:57:56.560Z] <<< [apiv2][body] GET https://compute.googleapis.com/compute/v1/projects/933338618880 {"error":{"code":403,"message":"Compute Engine API has not been used in project 933338618880 before or it is disabled. Enable it by visiting https://console.developers.google.com/apis/api/compute.googleapis.com/overview?project=933338618880 then retry. If you enabled this API recently, wait a few minutes for the action to propagate to our systems and retry.","errors":[{"message":"Compute Engine API has not been used in project 933338618880 before or it is disabled. Enable it by visiting https://console.developers.google.com/apis/api/compute.googleapis.com/overview?project=933338618880 then retry. If you enabled this API recently, wait a few minutes for the action to propagate to our systems and retry.","domain":"usageLimits","reason":"accessNotConfigured","extendedHelp":"https://console.developers.google.com"}],"status":"PERMISSION_DENIED","details":[{"@type":"type.googleapis.com/google.rpc.ErrorInfo","reason":"SERVICE_DISABLED","domain":"googleapis.com","metadata":{"activationUrl":"https://console.developers.google.com/apis/api/compute.googleapis.com/overview?project=933338618880","consumer":"projects/933338618880","serviceTitle":"Compute Engine API","service":"compute.googleapis.com","containerInfo":"933338618880"}},{"@type":"type.googleapis.com/google.rpc.LocalizedMessage","locale":"en-US","message":"Compute Engine API has not been used in project 933338618880 before or it is disabled. Enable it by visiting https://console.developers.google.com/apis/api/compute.googleapis.com/overview?project=933338618880 then retry. If you enabled this API recently, wait a few minutes for the action to propagate to our systems and retry."},{"@type":"type.googleapis.com/google.rpc.Help","links":[{"description":"Google developers console API activation","url":"https://console.developers.google.com/apis/api/compute.googleapis.com/overview?project=933338618880"}]}]}}
[debug] [2026-02-27T10:57:56.560Z] unable to look up default compute service account. Falling back to 933338618880-compute@developer.gserviceaccount.com. Error: {"name":"FirebaseError","children":[],"context":{"body":{"error":{"code":403,"message":"Compute Engine API has not been used in project 933338618880 before or it is disabled. Enable it by visiting https://console.developers.google.com/apis/api/compute.googleapis.com/overview?project=933338618880 then retry. If you enabled this API recently, wait a few minutes for the action to propagate to our systems and retry.","errors":[{"message":"Compute Engine API has not been used in project 933338618880 before or it is disabled. Enable it by visiting https://console.developers.google.com/apis/api/compute.googleapis.com/overview?project=933338618880 then retry. If you enabled this API recently, wait a few minutes for the action to propagate to our systems and retry.","domain":"usageLimits","reason":"accessNotConfigured","extendedHelp":"https://console.developers.google.com"}],"status":"PERMISSION_DENIED","details":[{"@type":"type.googleapis.com/google.rpc.ErrorInfo","reason":"SERVICE_DISABLED","domain":"googleapis.com","metadata":{"activationUrl":"https://console.developers.google.com/apis/api/compute.googleapis.com/overview?project=933338618880","consumer":"projects/933338618880","serviceTitle":"Compute Engine API","service":"compute.googleapis.com","containerInfo":"933338618880"}},{"@type":"type.googleapis.com/google.rpc.LocalizedMessage","locale":"en-US","message":"Compute Engine API has not been used in project 933338618880 before or it is disabled. Enable it by visiting https://console.developers.google.com/apis/api/compute.googleapis.com/overview?project=933338618880 then retry. If you enabled this API recently, wait a few minutes for the action to propagate to our systems and retry."},{"@type":"type.googleapis.com/google.rpc.Help","links":[{"description":"Google developers console API activation","url":"https://console.developers.google.com/apis/api/compute.googleapis.com/overview?project=933338618880"}]}]}},"response":{"statusCode":403}},"exit":1,"message":"Request to https://compute.googleapis.com/compute/v1/projects/933338618880 had HTTP Error: 403, Compute Engine API has not been used in project 933338618880 before or it is disabled. Enable it by visiting https://console.developers.google.com/apis/api/compute.googleapis.com/overview?project=933338618880 then retry. If you enabled this API recently, wait a few minutes for the action to propagate to our systems and retry.","status":403}
[debug] [2026-02-27T10:57:56.561Z] Checked if tokens are valid: true, expires at: 1772191564831
[debug] [2026-02-27T10:57:56.561Z] Checked if tokens are valid: true, expires at: 1772191564831
[debug] [2026-02-27T10:57:56.561Z] >>> [apiv2][query] GET https://compute.googleapis.com/compute/v1/projects/933338618880 [none]
[debug] [2026-02-27T10:57:56.754Z] <<< [apiv2][status] GET https://compute.googleapis.com/compute/v1/projects/933338618880 403
[debug] [2026-02-27T10:57:56.754Z] <<< [apiv2][body] GET https://compute.googleapis.com/compute/v1/projects/933338618880 {"error":{"code":403,"message":"Compute Engine API has not been used in project 933338618880 before or it is disabled. Enable it by visiting https://console.developers.google.com/apis/api/compute.googleapis.com/overview?project=933338618880 then retry. If you enabled this API recently, wait a few minutes for the action to propagate to our systems and retry.","errors":[{"message":"Compute Engine API has not been used in project 933338618880 before or it is disabled. Enable it by visiting https://console.developers.google.com/apis/api/compute.googleapis.com/overview?project=933338618880 then retry. If you enabled this API recently, wait a few minutes for the action to propagate to our systems and retry.","domain":"usageLimits","reason":"accessNotConfigured","extendedHelp":"https://console.developers.google.com"}],"status":"PERMISSION_DENIED","details":[{"@type":"type.googleapis.com/google.rpc.ErrorInfo","reason":"SERVICE_DISABLED","domain":"googleapis.com","metadata":{"containerInfo":"933338618880","serviceTitle":"Compute Engine API","consumer":"projects/933338618880","service":"compute.googleapis.com","activationUrl":"https://console.developers.google.com/apis/api/compute.googleapis.com/overview?project=933338618880"}},{"@type":"type.googleapis.com/google.rpc.LocalizedMessage","locale":"en-US","message":"Compute Engine API has not been used in project 933338618880 before or it is disabled. Enable it by visiting https://console.developers.google.com/apis/api/compute.googleapis.com/overview?project=933338618880 then retry. If you enabled this API recently, wait a few minutes for the action to propagate to our systems and retry."},{"@type":"type.googleapis.com/google.rpc.Help","links":[{"description":"Google developers console API activation","url":"https://console.developers.google.com/apis/api/compute.googleapis.com/overview?project=933338618880"}]}]}}
[debug] [2026-02-27T10:57:56.755Z] unable to look up default compute service account. Falling back to 933338618880-compute@developer.gserviceaccount.com. Error: {"name":"FirebaseError","children":[],"context":{"body":{"error":{"code":403,"message":"Compute Engine API has not been used in project 933338618880 before or it is disabled. Enable it by visiting https://console.developers.google.com/apis/api/compute.googleapis.com/overview?project=933338618880 then retry. If you enabled this API recently, wait a few minutes for the action to propagate to our systems and retry.","errors":[{"message":"Compute Engine API has not been used in project 933338618880 before or it is disabled. Enable it by visiting https://console.developers.google.com/apis/api/compute.googleapis.com/overview?project=933338618880 then retry. If you enabled this API recently, wait a few minutes for the action to propagate to our systems and retry.","domain":"usageLimits","reason":"accessNotConfigured","extendedHelp":"https://console.developers.google.com"}],"status":"PERMISSION_DENIED","details":[{"@type":"type.googleapis.com/google.rpc.ErrorInfo","reason":"SERVICE_DISABLED","domain":"googleapis.com","metadata":{"containerInfo":"933338618880","serviceTitle":"Compute Engine API","consumer":"projects/933338618880","service":"compute.googleapis.com","activationUrl":"https://console.developers.google.com/apis/api/compute.googleapis.com/overview?project=933338618880"}},{"@type":"type.googleapis.com/google.rpc.LocalizedMessage","locale":"en-US","message":"Compute Engine API has not been used in project 933338618880 before or it is disabled. Enable it by visiting https://console.developers.google.com/apis/api/compute.googleapis.com/overview?project=933338618880 then retry. If you enabled this API recently, wait a few minutes for the action to propagate to our systems and retry."},{"@type":"type.googleapis.com/google.rpc.Help","links":[{"description":"Google developers console API activation","url":"https://console.developers.google.com/apis/api/compute.googleapis.com/overview?project=933338618880"}]}]}},"response":{"statusCode":403}},"exit":1,"message":"Request to https://compute.googleapis.com/compute/v1/projects/933338618880 had HTTP Error: 403, Compute Engine API has not been used in project 933338618880 before or it is disabled. Enable it by visiting https://console.developers.google.com/apis/api/compute.googleapis.com/overview?project=933338618880 then retry. If you enabled this API recently, wait a few minutes for the action to propagate to our systems and retry.","status":403}
[debug] [2026-02-27T10:57:56.755Z] Checked if tokens are valid: true, expires at: 1772191564831
[debug] [2026-02-27T10:57:56.755Z] Checked if tokens are valid: true, expires at: 1772191564831
[debug] [2026-02-27T10:57:56.755Z] >>> [apiv2][query] GET https://compute.googleapis.com/compute/v1/projects/933338618880 [none]
[debug] [2026-02-27T10:57:56.932Z] <<< [apiv2][status] GET https://compute.googleapis.com/compute/v1/projects/933338618880 403
[debug] [2026-02-27T10:57:56.933Z] <<< [apiv2][body] GET https://compute.googleapis.com/compute/v1/projects/933338618880 {"error":{"code":403,"message":"Compute Engine API has not been used in project 933338618880 before or it is disabled. Enable it by visiting https://console.developers.google.com/apis/api/compute.googleapis.com/overview?project=933338618880 then retry. If you enabled this API recently, wait a few minutes for the action to propagate to our systems and retry.","errors":[{"message":"Compute Engine API has not been used in project 933338618880 before or it is disabled. Enable it by visiting https://console.developers.google.com/apis/api/compute.googleapis.com/overview?project=933338618880 then retry. If you enabled this API recently, wait a few minutes for the action to propagate to our systems and retry.","domain":"usageLimits","reason":"accessNotConfigured","extendedHelp":"https://console.developers.google.com"}],"status":"PERMISSION_DENIED","details":[{"@type":"type.googleapis.com/google.rpc.ErrorInfo","reason":"SERVICE_DISABLED","domain":"googleapis.com","metadata":{"activationUrl":"https://console.developers.google.com/apis/api/compute.googleapis.com/overview?project=933338618880","containerInfo":"933338618880","serviceTitle":"Compute Engine API","consumer":"projects/933338618880","service":"compute.googleapis.com"}},{"@type":"type.googleapis.com/google.rpc.LocalizedMessage","locale":"en-US","message":"Compute Engine API has not been used in project 933338618880 before or it is disabled. Enable it by visiting https://console.developers.google.com/apis/api/compute.googleapis.com/overview?project=933338618880 then retry. If you enabled this API recently, wait a few minutes for the action to propagate to our systems and retry."},{"@type":"type.googleapis.com/google.rpc.Help","links":[{"description":"Google developers console API activation","url":"https://console.developers.google.com/apis/api/compute.googleapis.com/overview?project=933338618880"}]}]}}
[debug] [2026-02-27T10:57:56.933Z] unable to look up default compute service account. Falling back to 933338618880-compute@developer.gserviceaccount.com. Error: {"name":"FirebaseError","children":[],"context":{"body":{"error":{"code":403,"message":"Compute Engine API has not been used in project 933338618880 before or it is disabled. Enable it by visiting https://console.developers.google.com/apis/api/compute.googleapis.com/overview?project=933338618880 then retry. If you enabled this API recently, wait a few minutes for the action to propagate to our systems and retry.","errors":[{"message":"Compute Engine API has not been used in project 933338618880 before or it is disabled. Enable it by visiting https://console.developers.google.com/apis/api/compute.googleapis.com/overview?project=933338618880 then retry. If you enabled this API recently, wait a few minutes for the action to propagate to our systems and retry.","domain":"usageLimits","reason":"accessNotConfigured","extendedHelp":"https://console.developers.google.com"}],"status":"PERMISSION_DENIED","details":[{"@type":"type.googleapis.com/google.rpc.ErrorInfo","reason":"SERVICE_DISABLED","domain":"googleapis.com","metadata":{"activationUrl":"https://console.developers.google.com/apis/api/compute.googleapis.com/overview?project=933338618880","containerInfo":"933338618880","serviceTitle":"Compute Engine API","consumer":"projects/933338618880","service":"compute.googleapis.com"}},{"@type":"type.googleapis.com/google.rpc.LocalizedMessage","locale":"en-US","message":"Compute Engine API has not been used in project 933338618880 before or it is disabled. Enable it by visiting https://console.developers.google.com/apis/api/compute.googleapis.com/overview?project=933338618880 then retry. If you enabled this API recently, wait a few minutes for the action to propagate to our systems and retry."},{"@type":"type.googleapis.com/google.rpc.Help","links":[{"description":"Google developers console API activation","url":"https://console.developers.google.com/apis/api/compute.googleapis.com/overview?project=933338618880"}]}]}},"response":{"statusCode":403}},"exit":1,"message":"Request to https://compute.googleapis.com/compute/v1/projects/933338618880 had HTTP Error: 403, Compute Engine API has not been used in project 933338618880 before or it is disabled. Enable it by visiting https://console.developers.google.com/apis/api/compute.googleapis.com/overview?project=933338618880 then retry. If you enabled this API recently, wait a few minutes for the action to propagate to our systems and retry.","status":403}
[debug] [2026-02-27T10:57:56.934Z] Checked if tokens are valid: true, expires at: 1772191564831
[debug] [2026-02-27T10:57:56.934Z] Checked if tokens are valid: true, expires at: 1772191564831
[debug] [2026-02-27T10:57:56.934Z] >>> [apiv2][query] GET https://cloudbilling.googleapis.com/v1/projects/vikna-service-prod/billingInfo [none]
[debug] [2026-02-27T10:57:57.317Z] <<< [apiv2][status] GET https://cloudbilling.googleapis.com/v1/projects/vikna-service-prod/billingInfo 200
[debug] [2026-02-27T10:57:57.318Z] <<< [apiv2][body] GET https://cloudbilling.googleapis.com/v1/projects/vikna-service-prod/billingInfo {"name":"projects/vikna-service-prod/billingInfo","projectId":"vikna-service-prod","billingAccountName":"billingAccounts/015250-510730-677B45","billingEnabled":true}
[debug] [2026-02-27T10:57:57.319Z] Checked if tokens are valid: true, expires at: 1772191564831
[debug] [2026-02-27T10:57:57.319Z] Checked if tokens are valid: true, expires at: 1772191564831
[debug] [2026-02-27T10:57:57.320Z] >>> [apiv2][query] POST https://cloudfunctions.googleapis.com/v2/projects/vikna-service-prod/locations/europe-west1/functions:generateUploadUrl [none]
[debug] [2026-02-27T10:57:57.472Z] <<< [apiv2][status] POST https://cloudfunctions.googleapis.com/v2/projects/vikna-service-prod/locations/europe-west1/functions:generateUploadUrl 200
[debug] [2026-02-27T10:57:57.473Z] <<< [apiv2][body] POST https://cloudfunctions.googleapis.com/v2/projects/vikna-service-prod/locations/europe-west1/functions:generateUploadUrl {"uploadUrl":"https://storage.googleapis.com/gcf-v2-uploads-933338618880.europe-west1.cloudfunctions.appspot.com/63c5959e-7ba5-4e5c-bffd-6b429d1162fb.zip?GoogleAccessId=service-933338618880@gcf-admin-robot.iam.gserviceaccount.com&Expires=1772191677&Signature=o11QIOIk4UqRV%2FDc3oND865haxGB95LQSoqGTtDaXc3c%2FEBkpkId3VzwQ%2Bv75XBe3L5bye0FTtmehd9amcqG2tGkz1msRoShLcdzCK7XE0vsMZC7%2B8HVASXtzJKdxZs695FLMHK24zZf7fzdeKr95sTmmtRCbY7OymxBA3khJWJljUe9qrWKRNVMZ6ReM%2B%2B2Ruq1vuy9Fy1b0BaoV5CfbNTOl9Gva%2B1ndxxQIOk%2FfE%2Ff99%2FyPCbnt30W%2FHwNMGt0vCs9oZwdqCJSG9eOvpSF3u8j18iNue2zwljYubrkylx5PjaLNo00aa%2F%2FfnUF%2F9ls%2BBonJOQaLMP1bfgx4lHxJQ%3D%3D","storageSource":{"bucket":"gcf-v2-uploads-933338618880.europe-west1.cloudfunctions.appspot.com","object":"63c5959e-7ba5-4e5c-bffd-6b429d1162fb.zip"}}
[debug] [2026-02-27T10:57:57.473Z] >>> [apiv2][query] PUT https://storage.googleapis.com/gcf-v2-uploads-933338618880.europe-west1.cloudfunctions.appspot.com/63c5959e-7ba5-4e5c-bffd-6b429d1162fb.zip GoogleAccessId=service-933338618880%40gcf-admin-robot.iam.gserviceaccount.com&Expires=1772191677&Signature=o11QIOIk4UqRV%2FDc3oND865haxGB95LQSoqGTtDaXc3c%2FEBkpkId3VzwQ%2Bv75XBe3L5bye0FTtmehd9amcqG2tGkz1msRoShLcdzCK7XE0vsMZC7%2B8HVASXtzJKdxZs695FLMHK24zZf7fzdeKr95sTmmtRCbY7OymxBA3khJWJljUe9qrWKRNVMZ6ReM%2B%2B2Ruq1vuy9Fy1b0BaoV5CfbNTOl9Gva%2B1ndxxQIOk%2FfE%2Ff99%2FyPCbnt30W%2FHwNMGt0vCs9oZwdqCJSG9eOvpSF3u8j18iNue2zwljYubrkylx5PjaLNo00aa%2F%2FfnUF%2F9ls%2BBonJOQaLMP1bfgx4lHxJQ%3D%3D
[debug] [2026-02-27T10:57:57.474Z] >>> [apiv2][body] PUT https://storage.googleapis.com/gcf-v2-uploads-933338618880.europe-west1.cloudfunctions.appspot.com/63c5959e-7ba5-4e5c-bffd-6b429d1162fb.zip [stream]
[debug] [2026-02-27T10:57:58.128Z] <<< [apiv2][status] PUT https://storage.googleapis.com/gcf-v2-uploads-933338618880.europe-west1.cloudfunctions.appspot.com/63c5959e-7ba5-4e5c-bffd-6b429d1162fb.zip 200
[debug] [2026-02-27T10:57:58.128Z] <<< [apiv2][body] PUT https://storage.googleapis.com/gcf-v2-uploads-933338618880.europe-west1.cloudfunctions.appspot.com/63c5959e-7ba5-4e5c-bffd-6b429d1162fb.zip [omitted]
[info] ✔  functions: functions source uploaded successfully 
[info] i  functions: updating Node.js 20 (2nd Gen) function createCheckoutPayload(europe-west1)... 
[info] i  functions: updating Node.js 20 (2nd Gen) function liqpayCallback(europe-west1)... 
[info] i  functions: updating Node.js 20 (2nd Gen) function paypartsCallback(europe-west1)... 
[info] i  functions: updating Node.js 20 (2nd Gen) function getInstallmentSettings(europe-west1)... 
[info] i  functions: updating Node.js 20 (2nd Gen) function getPaymentStatus(europe-west1)... 
[debug] [2026-02-27T10:57:58.134Z] Checked if tokens are valid: true, expires at: 1772191564831
[debug] [2026-02-27T10:57:58.134Z] Checked if tokens are valid: true, expires at: 1772191564831
[debug] [2026-02-27T10:57:58.134Z] >>> [apiv2][query] PATCH https://cloudfunctions.googleapis.com/v2/projects/vikna-service-prod/locations/europe-west1/functions/createCheckoutPayload updateMask=name%2CbuildConfig.runtime%2CbuildConfig.entryPoint%2CbuildConfig.source.storageSource.bucket%2CbuildConfig.source.storageSource.object%2CbuildConfig.environmentVariables%2CbuildConfig.sourceToken%2CserviceConfig.environmentVariables%2CserviceConfig.secretEnvironmentVariables%2CserviceConfig.ingressSettings%2CserviceConfig.timeoutSeconds%2CserviceConfig.serviceAccountEmail%2CserviceConfig.availableMemory%2CserviceConfig.minInstanceCount%2CserviceConfig.maxInstanceCount%2CserviceConfig.maxInstanceRequestConcurrency%2CserviceConfig.availableCpu%2CserviceConfig.vpcConnector%2CserviceConfig.vpcConnectorEgressSettings%2Clabels
[debug] [2026-02-27T10:57:58.134Z] >>> [apiv2][body] PATCH https://cloudfunctions.googleapis.com/v2/projects/vikna-service-prod/locations/europe-west1/functions/createCheckoutPayload {"name":"projects/vikna-service-prod/locations/europe-west1/functions/createCheckoutPayload","buildConfig":{"runtime":"nodejs20","entryPoint":"createCheckoutPayload","source":{"storageSource":{"bucket":"gcf-v2-uploads-933338618880.europe-west1.cloudfunctions.appspot.com","object":"63c5959e-7ba5-4e5c-bffd-6b429d1162fb.zip"}},"environmentVariables":{"GOOGLE_NODE_RUN_SCRIPTS":""}},"serviceConfig":{"environmentVariables":{"SITE_URL":"https://vikna-service-prod.web.app","FUNCTIONS_BASE_URL":"https://europe-west1-vikna-service-prod.cloudfunctions.net","ALLOWED_ORIGINS":"https://vikna-service.run.place,https://vikna-service.netlify.app,https://vikna-service-prod.web.app,https://vikna-service-prod.firebaseapp.com,http://localhost:3000,http://127.0.0.1:3000","FIREBASE_CONFIG":"{\"projectId\":\"vikna-service-prod\",\"storageBucket\":\"vikna-service-prod.firebasestorage.app\"}","GCLOUD_PROJECT":"vikna-service-prod","EVENTARC_CLOUD_EVENT_SOURCE":"projects/vikna-service-prod/locations/europe-west1/services/createCheckoutPayload","FUNCTION_TARGET":"createCheckoutPayload","LOG_EXECUTION_ID":"true"},"secretEnvironmentVariables":[{"key":"LIQPAY_PUBLIC_KEY","secret":"LIQPAY_PUBLIC_KEY","projectId":"vikna-service-prod","version":"3"},{"key":"LIQPAY_PRIVATE_KEY","secret":"LIQPAY_PRIVATE_KEY","projectId":"vikna-service-prod","version":"3"},{"key":"PAYPARTS_STORE_ID","secret":"PAYPARTS_STORE_ID","projectId":"vikna-service-prod","version":"1"},{"key":"PAYPARTS_PASSWORD","secret":"PAYPARTS_PASSWORD","projectId":"vikna-service-prod","version":"1"}],"ingressSettings":null,"timeoutSeconds":null,"serviceAccountEmail":null,"availableMemory":"256Mi","minInstanceCount":null,"maxInstanceCount":10,"maxInstanceRequestConcurrency":80,"availableCpu":"1","vpcConnector":null,"vpcConnectorEgressSettings":null},"labels":{"deployment-tool":"cli-firebase","firebase-functions-hash":"67d40614d085b0997370a20307ea35adbb665ed8"}}
[debug] [2026-02-27T10:57:59.194Z] <<< [apiv2][status] PATCH https://cloudfunctions.googleapis.com/v2/projects/vikna-service-prod/locations/europe-west1/functions/createCheckoutPayload 200
[debug] [2026-02-27T10:57:59.194Z] <<< [apiv2][body] PATCH https://cloudfunctions.googleapis.com/v2/projects/vikna-service-prod/locations/europe-west1/functions/createCheckoutPayload {"name":"projects/vikna-service-prod/locations/europe-west1/operations/operation-1772189878261-64bcc1c2b1845-2c598318-e03d5a77","metadata":{"@type":"type.googleapis.com/google.cloud.functions.v2.OperationMetadata","createTime":"2026-02-27T10:57:59.170101349Z","target":"projects/vikna-service-prod/locations/europe-west1/functions/createCheckoutPayload","verb":"update","cancelRequested":false,"apiVersion":"v2"},"done":false}
[debug] [2026-02-27T10:57:59.195Z] Checked if tokens are valid: true, expires at: 1772191564831
[debug] [2026-02-27T10:57:59.195Z] Checked if tokens are valid: true, expires at: 1772191564831
[debug] [2026-02-27T10:57:59.196Z] >>> [apiv2][query] GET https://cloudfunctions.googleapis.com/v2/projects/vikna-service-prod/locations/europe-west1/operations/operation-1772189878261-64bcc1c2b1845-2c598318-e03d5a77 [none]
[debug] [2026-02-27T10:57:59.302Z] <<< [apiv2][status] GET https://cloudfunctions.googleapis.com/v2/projects/vikna-service-prod/locations/europe-west1/operations/operation-1772189878261-64bcc1c2b1845-2c598318-e03d5a77 200
[debug] [2026-02-27T10:57:59.302Z] <<< [apiv2][body] GET https://cloudfunctions.googleapis.com/v2/projects/vikna-service-prod/locations/europe-west1/operations/operation-1772189878261-64bcc1c2b1845-2c598318-e03d5a77 {"name":"projects/vikna-service-prod/locations/europe-west1/operations/operation-1772189878261-64bcc1c2b1845-2c598318-e03d5a77","metadata":{"@type":"type.googleapis.com/google.cloud.functions.v2.OperationMetadata","createTime":"2026-02-27T10:57:59.170101349Z","target":"projects/vikna-service-prod/locations/europe-west1/functions/createCheckoutPayload","verb":"update","cancelRequested":false,"apiVersion":"v2","requestResource":{"@type":"type.googleapis.com/google.cloud.functions.v2.Function","name":"projects/vikna-service-prod/locations/europe-west1/functions/createCheckoutPayload","buildConfig":{"runtime":"nodejs20","entryPoint":"createCheckoutPayload","source":{"storageSource":{"bucket":"gcf-v2-sources-933338618880-europe-west1","object":"createCheckoutPayload/function-source.zip","generation":"1772189879132811"}},"environmentVariables":{"GOOGLE_NODE_RUN_SCRIPTS":""},"dockerRepository":"projects/vikna-service-prod/locations/europe-west1/repositories/gcf-artifacts","sourceProvenance":{"resolvedStorageSource":{"bucket":"gcf-v2-sources-933338618880-europe-west1","object":"createCheckoutPayload/function-source.zip","generation":"1772188335039308"}},"dockerRegistry":"ARTIFACT_REGISTRY","serviceAccount":"projects/vikna-service-prod/serviceAccounts/933338618880-compute@developer.gserviceaccount.com","automaticUpdatePolicy":{}},"serviceConfig":{"service":"projects/vikna-service-prod/locations/europe-west1/services/createcheckoutpayload","timeoutSeconds":60,"environmentVariables":{"SITE_URL":"https://vikna-service-prod.web.app","FUNCTIONS_BASE_URL":"https://europe-west1-vikna-service-prod.cloudfunctions.net","ALLOWED_ORIGINS":"https://vikna-service.run.place,https://vikna-service.netlify.app,https://vikna-service-prod.web.app,https://vikna-service-prod.firebaseapp.com,http://localhost:3000,http://127.0.0.1:3000","FIREBASE_CONFIG":"{\"projectId\":\"vikna-service-prod\",\"storageBucket\":\"vikna-service-prod.firebasestorage.app\"}","GCLOUD_PROJECT":"vikna-service-prod","EVENTARC_CLOUD_EVENT_SOURCE":"projects/vikna-service-prod/locations/europe-west1/services/createCheckoutPayload","FUNCTION_TARGET":"createCheckoutPayload","LOG_EXECUTION_ID":"true"},"maxInstanceCount":10,"ingressSettings":"ALLOW_ALL","uri":"https://createcheckoutpayload-cbubifm43q-ew.a.run.app","serviceAccountEmail":"933338618880-compute@developer.gserviceaccount.com","availableMemory":"256Mi","allTrafficOnLatestRevision":true,"secretEnvironmentVariables":[{"key":"LIQPAY_PUBLIC_KEY","projectId":"vikna-service-prod","secret":"LIQPAY_PUBLIC_KEY","version":"3"},{"key":"LIQPAY_PRIVATE_KEY","projectId":"vikna-service-prod","secret":"LIQPAY_PRIVATE_KEY","version":"3"},{"key":"PAYPARTS_STORE_ID","projectId":"vikna-service-prod","secret":"PAYPARTS_STORE_ID","version":"1"},{"key":"PAYPARTS_PASSWORD","projectId":"vikna-service-prod","secret":"PAYPARTS_PASSWORD","version":"1"}],"revision":"createcheckoutpayload-00017-dip","maxInstanceRequestConcurrency":80,"availableCpu":"1"},"state":"ACTIVE","labels":{"deployment-tool":"cli-firebase","firebase-functions-hash":"67d40614d085b0997370a20307ea35adbb665ed8"},"environment":"GEN_2","url":"https://europe-west1-vikna-service-prod.cloudfunctions.net/createCheckoutPayload","satisfiesPzi":true},"stages":[{"name":"BUILD","state":"NOT_STARTED","stateMessages":[{"severity":"WARNING","type":"BuildAnalysisWarning","message":"Node.js 20 is no longer supported by the Node.js community as of 30 April, 2026. Node.js 20 will be deprecated on 2026-04-30. We recommend you to upgrade to the latest version of Node.js as soon as possible."}]},{"name":"SERVICE","state":"NOT_STARTED"}],"operationType":"UPDATE_FUNCTION"},"done":false}
[debug] [2026-02-27T10:57:59.805Z] [update-default-europe-west1-createCheckoutPayload] Retrying task index 0
[debug] [2026-02-27T10:57:59.805Z] Checked if tokens are valid: true, expires at: 1772191564831
[debug] [2026-02-27T10:57:59.805Z] Checked if tokens are valid: true, expires at: 1772191564831
[debug] [2026-02-27T10:57:59.805Z] >>> [apiv2][query] GET https://cloudfunctions.googleapis.com/v2/projects/vikna-service-prod/locations/europe-west1/operations/operation-1772189878261-64bcc1c2b1845-2c598318-e03d5a77 [none]
[debug] [2026-02-27T10:57:59.900Z] <<< [apiv2][status] GET https://cloudfunctions.googleapis.com/v2/projects/vikna-service-prod/locations/europe-west1/operations/operation-1772189878261-64bcc1c2b1845-2c598318-e03d5a77 200
[debug] [2026-02-27T10:57:59.900Z] <<< [apiv2][body] GET https://cloudfunctions.googleapis.com/v2/projects/vikna-service-prod/locations/europe-west1/operations/operation-1772189878261-64bcc1c2b1845-2c598318-e03d5a77 {"name":"projects/vikna-service-prod/locations/europe-west1/operations/operation-1772189878261-64bcc1c2b1845-2c598318-e03d5a77","metadata":{"@type":"type.googleapis.com/google.cloud.functions.v2.OperationMetadata","createTime":"2026-02-27T10:57:59.170101349Z","target":"projects/vikna-service-prod/locations/europe-west1/functions/createCheckoutPayload","verb":"update","cancelRequested":false,"apiVersion":"v2","requestResource":{"@type":"type.googleapis.com/google.cloud.functions.v2.Function","name":"projects/vikna-service-prod/locations/europe-west1/functions/createCheckoutPayload","buildConfig":{"runtime":"nodejs20","entryPoint":"createCheckoutPayload","source":{"storageSource":{"bucket":"gcf-v2-sources-933338618880-europe-west1","object":"createCheckoutPayload/function-source.zip","generation":"1772189879132811"}},"environmentVariables":{"GOOGLE_NODE_RUN_SCRIPTS":""},"dockerRepository":"projects/vikna-service-prod/locations/europe-west1/repositories/gcf-artifacts","sourceProvenance":{"resolvedStorageSource":{"bucket":"gcf-v2-sources-933338618880-europe-west1","object":"createCheckoutPayload/function-source.zip","generation":"1772188335039308"}},"dockerRegistry":"ARTIFACT_REGISTRY","serviceAccount":"projects/vikna-service-prod/serviceAccounts/933338618880-compute@developer.gserviceaccount.com","automaticUpdatePolicy":{}},"serviceConfig":{"service":"projects/vikna-service-prod/locations/europe-west1/services/createcheckoutpayload","timeoutSeconds":60,"environmentVariables":{"SITE_URL":"https://vikna-service-prod.web.app","FUNCTIONS_BASE_URL":"https://europe-west1-vikna-service-prod.cloudfunctions.net","ALLOWED_ORIGINS":"https://vikna-service.run.place,https://vikna-service.netlify.app,https://vikna-service-prod.web.app,https://vikna-service-prod.firebaseapp.com,http://localhost:3000,http://127.0.0.1:3000","FIREBASE_CONFIG":"{\"projectId\":\"vikna-service-prod\",\"storageBucket\":\"vikna-service-prod.firebasestorage.app\"}","GCLOUD_PROJECT":"vikna-service-prod","EVENTARC_CLOUD_EVENT_SOURCE":"projects/vikna-service-prod/locations/europe-west1/services/createCheckoutPayload","FUNCTION_TARGET":"createCheckoutPayload","LOG_EXECUTION_ID":"true"},"maxInstanceCount":10,"ingressSettings":"ALLOW_ALL","uri":"https://createcheckoutpayload-cbubifm43q-ew.a.run.app","serviceAccountEmail":"933338618880-compute@developer.gserviceaccount.com","availableMemory":"256Mi","allTrafficOnLatestRevision":true,"secretEnvironmentVariables":[{"key":"LIQPAY_PUBLIC_KEY","projectId":"vikna-service-prod","secret":"LIQPAY_PUBLIC_KEY","version":"3"},{"key":"LIQPAY_PRIVATE_KEY","projectId":"vikna-service-prod","secret":"LIQPAY_PRIVATE_KEY","version":"3"},{"key":"PAYPARTS_STORE_ID","projectId":"vikna-service-prod","secret":"PAYPARTS_STORE_ID","version":"1"},{"key":"PAYPARTS_PASSWORD","projectId":"vikna-service-prod","secret":"PAYPARTS_PASSWORD","version":"1"}],"revision":"createcheckoutpayload-00017-dip","maxInstanceRequestConcurrency":80,"availableCpu":"1"},"state":"ACTIVE","labels":{"deployment-tool":"cli-firebase","firebase-functions-hash":"67d40614d085b0997370a20307ea35adbb665ed8"},"environment":"GEN_2","url":"https://europe-west1-vikna-service-prod.cloudfunctions.net/createCheckoutPayload","satisfiesPzi":true},"stages":[{"name":"BUILD","state":"NOT_STARTED","stateMessages":[{"severity":"WARNING","type":"BuildAnalysisWarning","message":"Node.js 20 is no longer supported by the Node.js community as of 30 April, 2026. Node.js 20 will be deprecated on 2026-04-30. We recommend you to upgrade to the latest version of Node.js as soon as possible."}]},{"name":"SERVICE","state":"NOT_STARTED"}],"operationType":"UPDATE_FUNCTION"},"done":false}
[debug] [2026-02-27T10:58:00.901Z] [update-default-europe-west1-createCheckoutPayload] Retrying task index 0
[debug] [2026-02-27T10:58:00.902Z] Checked if tokens are valid: true, expires at: 1772191564831
[debug] [2026-02-27T10:58:00.902Z] Checked if tokens are valid: true, expires at: 1772191564831
[debug] [2026-02-27T10:58:00.902Z] >>> [apiv2][query] GET https://cloudfunctions.googleapis.com/v2/projects/vikna-service-prod/locations/europe-west1/operations/operation-1772189878261-64bcc1c2b1845-2c598318-e03d5a77 [none]
[debug] [2026-02-27T10:58:01.146Z] <<< [apiv2][status] GET https://cloudfunctions.googleapis.com/v2/projects/vikna-service-prod/locations/europe-west1/operations/operation-1772189878261-64bcc1c2b1845-2c598318-e03d5a77 200
[debug] [2026-02-27T10:58:01.147Z] <<< [apiv2][body] GET https://cloudfunctions.googleapis.com/v2/projects/vikna-service-prod/locations/europe-west1/operations/operation-1772189878261-64bcc1c2b1845-2c598318-e03d5a77 {"name":"projects/vikna-service-prod/locations/europe-west1/operations/operation-1772189878261-64bcc1c2b1845-2c598318-e03d5a77","metadata":{"@type":"type.googleapis.com/google.cloud.functions.v2.OperationMetadata","createTime":"2026-02-27T10:57:59.170101349Z","target":"projects/vikna-service-prod/locations/europe-west1/functions/createCheckoutPayload","verb":"update","cancelRequested":false,"apiVersion":"v2","requestResource":{"@type":"type.googleapis.com/google.cloud.functions.v2.Function","name":"projects/vikna-service-prod/locations/europe-west1/functions/createCheckoutPayload","buildConfig":{"runtime":"nodejs20","entryPoint":"createCheckoutPayload","source":{"storageSource":{"bucket":"gcf-v2-sources-933338618880-europe-west1","object":"createCheckoutPayload/function-source.zip","generation":"1772189879132811"}},"environmentVariables":{"GOOGLE_NODE_RUN_SCRIPTS":""},"dockerRepository":"projects/vikna-service-prod/locations/europe-west1/repositories/gcf-artifacts","sourceProvenance":{"resolvedStorageSource":{"bucket":"gcf-v2-sources-933338618880-europe-west1","object":"createCheckoutPayload/function-source.zip","generation":"1772188335039308"}},"dockerRegistry":"ARTIFACT_REGISTRY","serviceAccount":"projects/vikna-service-prod/serviceAccounts/933338618880-compute@developer.gserviceaccount.com","automaticUpdatePolicy":{}},"serviceConfig":{"service":"projects/vikna-service-prod/locations/europe-west1/services/createcheckoutpayload","timeoutSeconds":60,"environmentVariables":{"SITE_URL":"https://vikna-service-prod.web.app","FUNCTIONS_BASE_URL":"https://europe-west1-vikna-service-prod.cloudfunctions.net","ALLOWED_ORIGINS":"https://vikna-service.run.place,https://vikna-service.netlify.app,https://vikna-service-prod.web.app,https://vikna-service-prod.firebaseapp.com,http://localhost:3000,http://127.0.0.1:3000","FIREBASE_CONFIG":"{\"projectId\":\"vikna-service-prod\",\"storageBucket\":\"vikna-service-prod.firebasestorage.app\"}","GCLOUD_PROJECT":"vikna-service-prod","EVENTARC_CLOUD_EVENT_SOURCE":"projects/vikna-service-prod/locations/europe-west1/services/createCheckoutPayload","FUNCTION_TARGET":"createCheckoutPayload","LOG_EXECUTION_ID":"true"},"maxInstanceCount":10,"ingressSettings":"ALLOW_ALL","uri":"https://createcheckoutpayload-cbubifm43q-ew.a.run.app","serviceAccountEmail":"933338618880-compute@developer.gserviceaccount.com","availableMemory":"256Mi","allTrafficOnLatestRevision":true,"secretEnvironmentVariables":[{"key":"LIQPAY_PUBLIC_KEY","projectId":"vikna-service-prod","secret":"LIQPAY_PUBLIC_KEY","version":"3"},{"key":"LIQPAY_PRIVATE_KEY","projectId":"vikna-service-prod","secret":"LIQPAY_PRIVATE_KEY","version":"3"},{"key":"PAYPARTS_STORE_ID","projectId":"vikna-service-prod","secret":"PAYPARTS_STORE_ID","version":"1"},{"key":"PAYPARTS_PASSWORD","projectId":"vikna-service-prod","secret":"PAYPARTS_PASSWORD","version":"1"}],"revision":"createcheckoutpayload-00017-dip","maxInstanceRequestConcurrency":80,"availableCpu":"1"},"state":"ACTIVE","labels":{"deployment-tool":"cli-firebase","firebase-functions-hash":"67d40614d085b0997370a20307ea35adbb665ed8"},"environment":"GEN_2","url":"https://europe-west1-vikna-service-prod.cloudfunctions.net/createCheckoutPayload","satisfiesPzi":true},"stages":[{"name":"BUILD","message":"Build in progress","state":"IN_PROGRESS","resource":"projects/933338618880/locations/europe-west1/builds/7577e1cd-4a72-435d-a54d-31490880592a","resourceUri":"https://console.cloud.google.com/cloud-build/builds;region=europe-west1/7577e1cd-4a72-435d-a54d-31490880592a?project=933338618880"},{"name":"SERVICE","state":"NOT_STARTED"}],"operationType":"UPDATE_FUNCTION","buildName":"projects/933338618880/locations/europe-west1/builds/7577e1cd-4a72-435d-a54d-31490880592a"},"done":false}
[debug] [2026-02-27T10:58:03.148Z] [update-default-europe-west1-createCheckoutPayload] Retrying task index 0
[debug] [2026-02-27T10:58:03.149Z] Checked if tokens are valid: true, expires at: 1772191564831
[debug] [2026-02-27T10:58:03.149Z] Checked if tokens are valid: true, expires at: 1772191564831
[debug] [2026-02-27T10:58:03.149Z] >>> [apiv2][query] GET https://cloudfunctions.googleapis.com/v2/projects/vikna-service-prod/locations/europe-west1/operations/operation-1772189878261-64bcc1c2b1845-2c598318-e03d5a77 [none]
[debug] [2026-02-27T10:58:03.292Z] <<< [apiv2][status] GET https://cloudfunctions.googleapis.com/v2/projects/vikna-service-prod/locations/europe-west1/operations/operation-1772189878261-64bcc1c2b1845-2c598318-e03d5a77 200
[debug] [2026-02-27T10:58:03.292Z] <<< [apiv2][body] GET https://cloudfunctions.googleapis.com/v2/projects/vikna-service-prod/locations/europe-west1/operations/operation-1772189878261-64bcc1c2b1845-2c598318-e03d5a77 {"name":"projects/vikna-service-prod/locations/europe-west1/operations/operation-1772189878261-64bcc1c2b1845-2c598318-e03d5a77","metadata":{"@type":"type.googleapis.com/google.cloud.functions.v2.OperationMetadata","createTime":"2026-02-27T10:57:59.170101349Z","target":"projects/vikna-service-prod/locations/europe-west1/functions/createCheckoutPayload","verb":"update","cancelRequested":false,"apiVersion":"v2","requestResource":{"@type":"type.googleapis.com/google.cloud.functions.v2.Function","name":"projects/vikna-service-prod/locations/europe-west1/functions/createCheckoutPayload","buildConfig":{"runtime":"nodejs20","entryPoint":"createCheckoutPayload","source":{"storageSource":{"bucket":"gcf-v2-sources-933338618880-europe-west1","object":"createCheckoutPayload/function-source.zip","generation":"1772189879132811"}},"environmentVariables":{"GOOGLE_NODE_RUN_SCRIPTS":""},"dockerRepository":"projects/vikna-service-prod/locations/europe-west1/repositories/gcf-artifacts","sourceProvenance":{"resolvedStorageSource":{"bucket":"gcf-v2-sources-933338618880-europe-west1","object":"createCheckoutPayload/function-source.zip","generation":"1772188335039308"}},"dockerRegistry":"ARTIFACT_REGISTRY","serviceAccount":"projects/vikna-service-prod/serviceAccounts/933338618880-compute@developer.gserviceaccount.com","automaticUpdatePolicy":{}},"serviceConfig":{"service":"projects/vikna-service-prod/locations/europe-west1/services/createcheckoutpayload","timeoutSeconds":60,"environmentVariables":{"SITE_URL":"https://vikna-service-prod.web.app","FUNCTIONS_BASE_URL":"https://europe-west1-vikna-service-prod.cloudfunctions.net","ALLOWED_ORIGINS":"https://vikna-service.run.place,https://vikna-service.netlify.app,https://vikna-service-prod.web.app,https://vikna-service-prod.firebaseapp.com,http://localhost:3000,http://127.0.0.1:3000","FIREBASE_CONFIG":"{\"projectId\":\"vikna-service-prod\",\"storageBucket\":\"vikna-service-prod.firebasestorage.app\"}","GCLOUD_PROJECT":"vikna-service-prod","EVENTARC_CLOUD_EVENT_SOURCE":"projects/vikna-service-prod/locations/europe-west1/services/createCheckoutPayload","FUNCTION_TARGET":"createCheckoutPayload","LOG_EXECUTION_ID":"true"},"maxInstanceCount":10,"ingressSettings":"ALLOW_ALL","uri":"https://createcheckoutpayload-cbubifm43q-ew.a.run.app","serviceAccountEmail":"933338618880-compute@developer.gserviceaccount.com","availableMemory":"256Mi","allTrafficOnLatestRevision":true,"secretEnvironmentVariables":[{"key":"LIQPAY_PUBLIC_KEY","projectId":"vikna-service-prod","secret":"LIQPAY_PUBLIC_KEY","version":"3"},{"key":"LIQPAY_PRIVATE_KEY","projectId":"vikna-service-prod","secret":"LIQPAY_PRIVATE_KEY","version":"3"},{"key":"PAYPARTS_STORE_ID","projectId":"vikna-service-prod","secret":"PAYPARTS_STORE_ID","version":"1"},{"key":"PAYPARTS_PASSWORD","projectId":"vikna-service-prod","secret":"PAYPARTS_PASSWORD","version":"1"}],"revision":"createcheckoutpayload-00017-dip","maxInstanceRequestConcurrency":80,"availableCpu":"1"},"state":"ACTIVE","labels":{"deployment-tool":"cli-firebase","firebase-functions-hash":"67d40614d085b0997370a20307ea35adbb665ed8"},"environment":"GEN_2","url":"https://europe-west1-vikna-service-prod.cloudfunctions.net/createCheckoutPayload","satisfiesPzi":true},"stages":[{"name":"BUILD","message":"Build in progress","state":"IN_PROGRESS","resource":"projects/933338618880/locations/europe-west1/builds/7577e1cd-4a72-435d-a54d-31490880592a","resourceUri":"https://console.cloud.google.com/cloud-build/builds;region=europe-west1/7577e1cd-4a72-435d-a54d-31490880592a?project=933338618880"},{"name":"SERVICE","state":"NOT_STARTED"}],"operationType":"UPDATE_FUNCTION","buildName":"projects/933338618880/locations/europe-west1/builds/7577e1cd-4a72-435d-a54d-31490880592a"},"done":false}
